2025-04-04T06:24:34.025Z [INFO]: 🔧 Modo de desarrollo
2025-04-04T06:24:34.241Z [INFO]: 📦 Base de datos conectada y sincronizada
2025-04-04T06:24:34.246Z [INFO]: 🚀 Servidor corriendo en puerto 3000
2025-04-04T06:24:36.555Z [INFO]: 🔧 Modo de desarrollo
2025-04-04T06:24:36.704Z [INFO]: 📦 Base de datos conectada y sincronizada
2025-04-04T06:24:36.708Z [INFO]: 🚀 Servidor corriendo en puerto 3000
2025-04-04T06:26:29.040Z [INFO]: 🔧 Modo de desarrollo
2025-04-04T06:26:29.207Z [INFO]: 📦 Base de datos conectada y sincronizada
2025-04-04T06:26:29.211Z [INFO]: 🚀 Servidor corriendo en puerto 3000
2025-04-04T06:27:30.713Z [INFO]: 🔧 Modo de desarrollo
2025-04-04T06:27:30.758Z [INFO]: Asociaciones configuradas correctamente
2025-04-04T06:27:30.873Z [INFO]: 📦 Base de datos conectada y sincronizada
2025-04-04T06:27:30.877Z [INFO]: 🚀 Servidor corriendo en puerto 3000
2025-04-04T06:28:02.123Z [INFO]: 🔧 Modo de desarrollo
2025-04-04T06:28:02.171Z [INFO]: Asociaciones configuradas correctamente ✔
2025-04-04T06:28:02.269Z [INFO]: 📦 Base de datos conectada y sincronizada
2025-04-04T06:28:02.273Z [INFO]: 🚀 Servidor corriendo en puerto 3000
2025-04-04T06:28:51.601Z [INFO]: 🔧 Modo de desarrollo
2025-04-04T06:28:51.721Z [INFO]: ✔Asociaciones configuradas correctamente
2025-04-04T06:28:51.879Z [INFO]: 📦 Base de datos conectada y sincronizada
2025-04-04T06:28:51.885Z [INFO]: 🚀 Servidor corriendo en puerto 3000
2025-04-04T06:29:00.642Z [INFO]: 🔧 Modo de desarrollo
2025-04-04T06:29:00.754Z [INFO]: ✔  Asociaciones configuradas correctamente
2025-04-04T06:29:00.951Z [INFO]: 📦 Base de datos conectada y sincronizada
2025-04-04T06:29:00.961Z [INFO]: 🚀 Servidor corriendo en puerto 3000
2025-04-04T06:29:05.507Z [INFO]: 🔧 Modo de desarrollo
2025-04-04T06:29:05.601Z [INFO]: ✔ Asociaciones configuradas correctamente
2025-04-04T06:29:05.743Z [INFO]: 📦 Base de datos conectada y sincronizada
2025-04-04T06:29:05.750Z [INFO]: 🚀 Servidor corriendo en puerto 3000
2025-04-04T06:29:54.940Z [INFO]: 🔧 Modo de desarrollo
2025-04-04T06:29:55.024Z [INFO]: ✔ Asociaciones configuradas correctamente
2025-04-04T06:29:55.142Z [INFO]: 📦 Base de datos conectada y sincronizada
2025-04-04T06:29:55.147Z [INFO]: 🚀 Servidor corriendo en puerto 3000
2025-04-04T06:30:00.815Z [INFO]: 🔧 Modo de desarrollo
2025-04-04T06:30:00.922Z [INFO]: ✔ Asociaciones configuradas correctamente
2025-04-04T06:30:01.066Z [INFO]: 📦 Base de datos conectada y sincronizada
2025-04-04T06:30:01.072Z [INFO]: 🚀 Servidor corriendo en puerto 3000
2025-04-04T06:30:34.938Z [INFO]: 🔧 Modo de desarrollo
2025-04-04T06:30:35.054Z [INFO]: ✔ Asociaciones configuradas correctamente
2025-04-04T06:30:35.236Z [INFO]: 📦 Base de datos conectada y sincronizada
2025-04-04T06:30:35.243Z [INFO]: 🚀 Servidor corriendo en puerto 3000
2025-04-04T06:30:40.560Z [INFO]: 🔧 Modo de desarrollo
2025-04-04T06:30:40.612Z [INFO]: ✔ Asociaciones configuradas correctamente
2025-04-04T06:30:40.710Z [INFO]: 📦 Base de datos conectada y sincronizada
2025-04-04T06:30:40.714Z [INFO]: 🚀 Servidor corriendo en puerto 3000
2025-04-04T06:31:12.140Z [INFO]: 🔧 Modo de desarrollo
2025-04-04T06:31:12.194Z [INFO]: ✔ Asociaciones configuradas correctamente
2025-04-04T06:31:12.281Z [INFO]: 📦 Base de datos conectada y sincronizada
2025-04-04T06:31:12.285Z [INFO]: 🚀 Servidor corriendo en puerto 3000
2025-04-04T06:31:46.481Z [INFO]: 🔧 Modo de desarrollo
2025-04-04T06:31:46.540Z [INFO]: ✔ Asociaciones configuradas correctamente
2025-04-04T06:31:46.646Z [INFO]: 📦 Base de datos conectada y sincronizada
2025-04-04T06:31:46.650Z [INFO]: 🚀 Servidor corriendo en puerto 3000
2025-04-04T06:39:39.298Z [INFO]: 🔧 Modo de desarrollo
2025-04-04T06:39:39.355Z [INFO]: ✔ Asociaciones configuradas correctamente
2025-04-04T06:39:39.478Z [INFO]: 📦 Base de datos conectada y sincronizada
2025-04-04T06:39:39.483Z [INFO]: 🚀 Servidor corriendo en puerto 3000
2025-04-04T06:40:43.549Z [INFO]: 🔧 Modo de desarrollo
2025-04-04T06:40:43.600Z [INFO]: ✔ Asociaciones configuradas correctamente
2025-04-04T06:40:43.681Z [INFO]: 📦 Base de datos conectada y sincronizada
2025-04-04T06:40:43.684Z [INFO]: 🚀 Servidor corriendo en puerto 3000
2025-04-04T06:41:16.383Z [INFO]: 🔧 Modo de desarrollo
2025-04-04T06:41:16.445Z [INFO]: ✔ Asociaciones configuradas correctamente
2025-04-04T06:41:16.568Z [INFO]: 📦 Base de datos conectada y sincronizada
2025-04-04T06:41:16.573Z [INFO]: 🚀 Servidor corriendo en puerto 3000
2025-04-04T06:43:56.704Z [INFO]: 🔧 Modo de desarrollo
2025-04-04T06:43:56.823Z [INFO]: ✔ Asociaciones configuradas correctamente
2025-04-04T06:43:56.963Z [INFO]: 📦 Base de datos conectada y sincronizada
2025-04-04T06:43:56.970Z [INFO]: 🚀 Servidor corriendo en puerto 3000
2025-04-04T06:46:14.491Z [INFO]: 🔧 Modo de desarrollo
2025-04-04T06:46:14.535Z [INFO]: 📚 Documentación API disponible en /api-docs
2025-04-04T06:46:14.540Z [INFO]: ✔ Asociaciones configuradas correctamente
2025-04-04T06:46:14.629Z [INFO]: 📦 Base de datos conectada y sincronizada
2025-04-04T06:46:14.633Z [INFO]: 🚀 Servidor corriendo en puerto 3000
2025-04-04T06:54:28.342Z [INFO]: 🔧 Modo de desarrollo
2025-04-04T06:54:28.386Z [INFO]: 📚 Documentación API disponible en /api-docs
2025-04-04T06:54:28.391Z [INFO]: ✔ Asociaciones configuradas correctamente
2025-04-04T06:54:28.469Z [INFO]: 📦 Base de datos conectada y sincronizada
2025-04-04T06:54:28.473Z [INFO]: 🚀 Servidor corriendo en puerto 3000
2025-04-04T06:55:45.703Z [INFO]: 🔧 Modo de desarrollo
2025-04-04T06:55:45.795Z [INFO]: 📚 Documentación API disponible en /api-docs
2025-04-04T06:55:45.804Z [INFO]: ✔ Asociaciones configuradas correctamente
2025-04-04T06:55:45.975Z [INFO]: 📦 Base de datos conectada y sincronizada
2025-04-04T06:55:45.982Z [INFO]: 🚀 Servidor corriendo en puerto 3000
2025-04-04T06:56:06.994Z [INFO]: 🔧 Modo de desarrollo
2025-04-04T06:56:07.039Z [INFO]: 📚 Documentación API disponible en /api-docs
2025-04-04T06:56:07.044Z [INFO]: ✔ Asociaciones configuradas correctamente
2025-04-04T06:56:07.129Z [INFO]: 📦 Base de datos conectada y sincronizada
2025-04-04T06:56:07.132Z [INFO]: 🚀 Servidor corriendo en puerto 3000
2025-04-04T07:01:22.885Z [INFO]: 🔧 Modo de desarrollo
2025-04-04T07:01:22.946Z [INFO]: 📚 Documentación API disponible en /api-docs
2025-04-04T07:01:22.953Z [INFO]: ✔ Asociaciones configuradas correctamente
2025-04-04T07:01:23.060Z [INFO]: 📦 Base de datos conectada y sincronizada
2025-04-04T07:01:23.066Z [INFO]: 🚀 Servidor corriendo en puerto 3000
2025-04-04T15:40:37.441Z [INFO]: 🔧 Modo de desarrollo
2025-04-04T15:40:37.496Z [INFO]: 📚 Documentación API disponible en /api-docs
2025-04-04T15:40:37.500Z [INFO]: ✔ Asociaciones configuradas correctamente
2025-04-04T15:40:37.563Z [INFO]: 📦 Base de datos conectada y sincronizada
2025-04-04T15:40:37.567Z [INFO]: 🚀 Servidor corriendo en puerto 3000
2025-04-04T15:40:39.318Z [INFO]: 🔧 Modo de desarrollo
2025-04-04T15:40:39.345Z [INFO]: 📚 Documentación API disponible en /api-docs
2025-04-04T15:40:39.349Z [INFO]: ✔ Asociaciones configuradas correctamente
2025-04-04T15:40:39.399Z [INFO]: 📦 Base de datos conectada y sincronizada
2025-04-04T15:40:39.401Z [INFO]: 🚀 Servidor corriendo en puerto 3000
2025-04-04T15:40:54.852Z [INFO]: 🔧 Modo de desarrollo
2025-04-04T15:40:54.896Z [INFO]: 📚 Documentación API disponible en /api-docs
2025-04-04T15:40:54.903Z [INFO]: ✔ Asociaciones configuradas correctamente
2025-04-04T15:40:54.969Z [INFO]: 📦 Base de datos conectada y sincronizada
2025-04-04T15:40:54.972Z [INFO]: 🚀 Servidor corriendo en puerto 3000
2025-04-04T15:53:46.278Z [INFO]: 🔧 Modo de desarrollo
2025-04-04T15:53:46.309Z [INFO]: 📚 Documentación API disponible en /api-docs
2025-04-04T15:53:46.312Z [INFO]: ✔ Asociaciones configuradas correctamente
2025-04-04T15:53:46.365Z [INFO]: 📦 Base de datos conectada y sincronizada
2025-04-04T15:53:46.367Z [INFO]: 🚀 Servidor corriendo en puerto 3000
2025-04-04T15:53:58.952Z [INFO]: 🔧 Modo de desarrollo
2025-04-04T15:53:58.984Z [INFO]: 📚 Documentación API disponible en /api-docs
2025-04-04T15:53:58.988Z [INFO]: ✔ Asociaciones configuradas correctamente
2025-04-04T15:53:59.048Z [INFO]: 📦 Base de datos conectada y sincronizada
2025-04-04T15:53:59.051Z [INFO]: 🚀 Servidor corriendo en puerto 3000
2025-04-04T15:54:04.332Z [INFO]: 🔧 Modo de desarrollo
2025-04-04T15:54:04.366Z [INFO]: 📚 Documentación API disponible en /api-docs
2025-04-04T15:54:04.369Z [INFO]: ✔ Asociaciones configuradas correctamente
2025-04-04T15:54:04.428Z [INFO]: 📦 Base de datos conectada y sincronizada
2025-04-04T15:54:04.430Z [INFO]: 🚀 Servidor corriendo en puerto 3000
2025-04-04T15:54:06.091Z [INFO]: 🔧 Modo de desarrollo
2025-04-04T15:54:06.122Z [INFO]: 📚 Documentación API disponible en /api-docs
2025-04-04T15:54:06.125Z [INFO]: ✔ Asociaciones configuradas correctamente
2025-04-04T15:54:06.179Z [INFO]: 📦 Base de datos conectada y sincronizada
2025-04-04T15:54:06.181Z [INFO]: 🚀 Servidor corriendo en puerto 3000
2025-04-04T16:32:04.698Z [INFO]: 🔧 Modo de desarrollo
2025-04-04T16:32:04.725Z [INFO]: 📚 Documentación API disponible en /api-docs
2025-04-04T16:32:04.729Z [INFO]: ✔ Asociaciones configuradas correctamente
2025-04-04T16:32:06.081Z [INFO]: 🔧 Modo de desarrollo
2025-04-04T16:32:06.109Z [INFO]: 📚 Documentación API disponible en /api-docs
2025-04-04T16:32:06.112Z [INFO]: ✔ Asociaciones configuradas correctamente
2025-04-04T16:32:06.168Z [INFO]: 📦 Base de datos conectada y sincronizada
2025-04-04T16:32:06.171Z [INFO]: 🚀 Servidor corriendo en puerto 3000
2025-04-04T16:32:11.321Z [INFO]: 🔧 Modo de desarrollo
2025-04-04T16:32:11.349Z [INFO]: 📚 Documentación API disponible en /api-docs
2025-04-04T16:32:11.353Z [INFO]: ✔ Asociaciones configuradas correctamente
2025-04-04T16:32:11.404Z [INFO]: 📦 Base de datos conectada y sincronizada
2025-04-04T16:32:11.407Z [INFO]: 🚀 Servidor corriendo en puerto 3000
2025-04-04T16:32:19.494Z [INFO]: 🔧 Modo de desarrollo
2025-04-04T16:32:19.523Z [INFO]: 📚 Documentación API disponible en /api-docs
2025-04-04T16:32:19.526Z [INFO]: ✔ Asociaciones configuradas correctamente
2025-04-04T16:32:19.580Z [INFO]: 📦 Base de datos conectada y sincronizada
2025-04-04T16:32:19.582Z [INFO]: 🚀 Servidor corriendo en puerto 3000
2025-04-04T16:32:28.022Z [INFO]: 🔧 Modo de desarrollo
2025-04-04T16:32:28.048Z [INFO]: 📚 Documentación API disponible en /api-docs
2025-04-04T16:32:28.051Z [INFO]: ✔ Asociaciones configuradas correctamente
2025-04-04T16:32:28.101Z [INFO]: 📦 Base de datos conectada y sincronizada
2025-04-04T16:32:28.103Z [INFO]: 🚀 Servidor corriendo en puerto 3000
2025-04-04T16:37:39.120Z [INFO]: 🔧 Modo de desarrollo
2025-04-04T16:37:39.149Z [INFO]: 📚 Documentación API disponible en /api-docs
2025-04-04T16:37:39.153Z [INFO]: ✔ Asociaciones configuradas correctamente
2025-04-04T16:37:39.216Z [INFO]: 📦 Base de datos conectada y sincronizada
2025-04-04T16:37:39.218Z [INFO]: 🚀 Servidor corriendo en puerto 3000
