[2025-04-06 23:46:52] [31m[31merror[31m[39m [DEVELOPMENT]: 	[31m	[31mEl id debe ser un numero[31m[39m
{
  "stack": "Error: El id debe ser un numero\n    at NotificacionModel.updateStatus (file:///C:/Users/ZARAGOZA051/Desktop/LGZ2024/src/models/notificaciones.models.js:53:28)\n    at file:///C:/Users/ZARAGOZA051/Desktop/LGZ2024/src/controller/notificaciones.controller.js:17:49\n    at file:///C:/Users/ZARAGOZA051/Desktop/LGZ2024/src/utils/asyncHandler.js:3:21\n    at Layer.handle [as handle_request] (C:\\Users\\ZARAGOZA051\\Desktop\\LGZ2024\\node_modules\\express\\lib\\router\\layer.js:95:5)\n    at next (C:\\Users\\ZARAGOZA051\\Desktop\\LGZ2024\\node_modules\\express\\lib\\router\\route.js:149:13)\n    at Route.dispatch (C:\\Users\\ZARAGOZA051\\Desktop\\LGZ2024\\node_modules\\express\\lib\\router\\route.js:119:3)\n    at Layer.handle [as handle_request] (C:\\Users\\ZARAGOZA051\\Desktop\\LGZ2024\\node_modules\\express\\lib\\router\\layer.js:95:5)\n    at C:\\Users\\ZARAGOZA051\\Desktop\\LGZ2024\\node_modules\\express\\lib\\router\\index.js:284:15\n    at param (C:\\Users\\ZARAGOZA051\\Desktop\\LGZ2024\\node_modules\\express\\lib\\router\\index.js:365:14)\n    at param (C:\\Users\\ZARAGOZA051\\Desktop\\LGZ2024\\node_modules\\express\\lib\\router\\index.js:376:14)\n    at Function.process_params (C:\\Users\\ZARAGOZA051\\Desktop\\LGZ2024\\node_modules\\express\\lib\\router\\index.js:421:3)\n    at next (C:\\Users\\ZARAGOZA051\\Desktop\\LGZ2024\\node_modules\\express\\lib\\router\\index.js:280:10)\n    at Function.handle (C:\\Users\\ZARAGOZA051\\Desktop\\LGZ2024\\node_modules\\express\\lib\\router\\index.js:175:3)\n    at router (C:\\Users\\ZARAGOZA051\\Desktop\\LGZ2024\\node_modules\\express\\lib\\router\\index.js:47:12)\n    at Layer.handle [as handle_request] (C:\\Users\\ZARAGOZA051\\Desktop\\LGZ2024\\node_modules\\express\\lib\\router\\layer.js:95:5)\n    at trim_prefix (C:\\Users\\ZARAGOZA051\\Desktop\\LGZ2024\\node_modules\\express\\lib\\router\\index.js:328:13)",
  "path": "/api/notificaciones/undefined",
  "method": "PUT",
  "statusCode": 400
}
[2025-04-06 23:53:36] [31m[31merror[31m[39m [DEVELOPMENT]: 	[31m	[31mEl id debe ser un numero[31m[39m
{
  "stack": "Error: El id debe ser un numero\n    at NotificacionModel.updateStatus (file:///C:/Users/ZARAGOZA051/Desktop/LGZ2024/src/models/notificaciones.models.js:53:28)\n    at file:///C:/Users/ZARAGOZA051/Desktop/LGZ2024/src/controller/notificaciones.controller.js:17:49\n    at file:///C:/Users/ZARAGOZA051/Desktop/LGZ2024/src/utils/asyncHandler.js:3:21\n    at Layer.handle [as handle_request] (C:\\Users\\ZARAGOZA051\\Desktop\\LGZ2024\\node_modules\\express\\lib\\router\\layer.js:95:5)\n    at next (C:\\Users\\ZARAGOZA051\\Desktop\\LGZ2024\\node_modules\\express\\lib\\router\\route.js:149:13)\n    at Route.dispatch (C:\\Users\\ZARAGOZA051\\Desktop\\LGZ2024\\node_modules\\express\\lib\\router\\route.js:119:3)\n    at Layer.handle [as handle_request] (C:\\Users\\ZARAGOZA051\\Desktop\\LGZ2024\\node_modules\\express\\lib\\router\\layer.js:95:5)\n    at C:\\Users\\ZARAGOZA051\\Desktop\\LGZ2024\\node_modules\\express\\lib\\router\\index.js:284:15\n    at param (C:\\Users\\ZARAGOZA051\\Desktop\\LGZ2024\\node_modules\\express\\lib\\router\\index.js:365:14)\n    at param (C:\\Users\\ZARAGOZA051\\Desktop\\LGZ2024\\node_modules\\express\\lib\\router\\index.js:376:14)\n    at Function.process_params (C:\\Users\\ZARAGOZA051\\Desktop\\LGZ2024\\node_modules\\express\\lib\\router\\index.js:421:3)\n    at next (C:\\Users\\ZARAGOZA051\\Desktop\\LGZ2024\\node_modules\\express\\lib\\router\\index.js:280:10)\n    at Function.handle (C:\\Users\\ZARAGOZA051\\Desktop\\LGZ2024\\node_modules\\express\\lib\\router\\index.js:175:3)\n    at router (C:\\Users\\ZARAGOZA051\\Desktop\\LGZ2024\\node_modules\\express\\lib\\router\\index.js:47:12)\n    at Layer.handle [as handle_request] (C:\\Users\\ZARAGOZA051\\Desktop\\LGZ2024\\node_modules\\express\\lib\\router\\layer.js:95:5)\n    at trim_prefix (C:\\Users\\ZARAGOZA051\\Desktop\\LGZ2024\\node_modules\\express\\lib\\router\\index.js:328:13)",
  "path": "/api/notificaciones/undefined",
  "method": "PUT",
  "statusCode": 400
}
[2025-04-06 23:53:43] [31m[31merror[31m[39m [DEVELOPMENT]: 	[31m	[31mEl id debe ser un numero[31m[39m
{
  "stack": "Error: El id debe ser un numero\n    at NotificacionModel.updateStatus (file:///C:/Users/ZARAGOZA051/Desktop/LGZ2024/src/models/notificaciones.models.js:53:28)\n    at file:///C:/Users/ZARAGOZA051/Desktop/LGZ2024/src/controller/notificaciones.controller.js:17:49\n    at file:///C:/Users/ZARAGOZA051/Desktop/LGZ2024/src/utils/asyncHandler.js:3:21\n    at Layer.handle [as handle_request] (C:\\Users\\ZARAGOZA051\\Desktop\\LGZ2024\\node_modules\\express\\lib\\router\\layer.js:95:5)\n    at next (C:\\Users\\ZARAGOZA051\\Desktop\\LGZ2024\\node_modules\\express\\lib\\router\\route.js:149:13)\n    at Route.dispatch (C:\\Users\\ZARAGOZA051\\Desktop\\LGZ2024\\node_modules\\express\\lib\\router\\route.js:119:3)\n    at Layer.handle [as handle_request] (C:\\Users\\ZARAGOZA051\\Desktop\\LGZ2024\\node_modules\\express\\lib\\router\\layer.js:95:5)\n    at C:\\Users\\ZARAGOZA051\\Desktop\\LGZ2024\\node_modules\\express\\lib\\router\\index.js:284:15\n    at param (C:\\Users\\ZARAGOZA051\\Desktop\\LGZ2024\\node_modules\\express\\lib\\router\\index.js:365:14)\n    at param (C:\\Users\\ZARAGOZA051\\Desktop\\LGZ2024\\node_modules\\express\\lib\\router\\index.js:376:14)\n    at Function.process_params (C:\\Users\\ZARAGOZA051\\Desktop\\LGZ2024\\node_modules\\express\\lib\\router\\index.js:421:3)\n    at next (C:\\Users\\ZARAGOZA051\\Desktop\\LGZ2024\\node_modules\\express\\lib\\router\\index.js:280:10)\n    at Function.handle (C:\\Users\\ZARAGOZA051\\Desktop\\LGZ2024\\node_modules\\express\\lib\\router\\index.js:175:3)\n    at router (C:\\Users\\ZARAGOZA051\\Desktop\\LGZ2024\\node_modules\\express\\lib\\router\\index.js:47:12)\n    at Layer.handle [as handle_request] (C:\\Users\\ZARAGOZA051\\Desktop\\LGZ2024\\node_modules\\express\\lib\\router\\layer.js:95:5)\n    at trim_prefix (C:\\Users\\ZARAGOZA051\\Desktop\\LGZ2024\\node_modules\\express\\lib\\router\\index.js:328:13)",
  "path": "/api/notificaciones/undefined",
  "method": "PUT",
  "statusCode": 400
}
[2025-04-06 23:57:09] [31m[31merror[31m[39m [DEVELOPMENT]: 	[31m	[31mNo se encontraron mezclas para los criterios especificados[31m[39m
{
  "stack": "Error: No se encontraron mezclas para los criterios especificados\n    at MezclaModel.obtenerTablaMezclasUsuario (file:///C:/Users/ZARAGOZA051/Desktop/LGZ2024/src/models/mezclas.models.js:371:15)\n    at process.processTicksAndRejections (node:internal/process/task_queues:95:5)\n    at async file:///C:/Users/ZARAGOZA051/Desktop/LGZ2024/src/controller/mezclas.controller.js:163:18",
  "path": "/api/mezclasSolicitadas/Proceso",
  "method": "GET",
  "statusCode": 404
}
[2025-04-06 23:57:23] [31m[31merror[31m[39m [DEVELOPMENT]: 	[31m	[31mNo se encontraron mezclas para los criterios especificados[31m[39m
{
  "stack": "Error: No se encontraron mezclas para los criterios especificados\n    at MezclaModel.obtenerTablaMezclasUsuario (file:///C:/Users/ZARAGOZA051/Desktop/LGZ2024/src/models/mezclas.models.js:371:15)\n    at process.processTicksAndRejections (node:internal/process/task_queues:95:5)\n    at async file:///C:/Users/ZARAGOZA051/Desktop/LGZ2024/src/controller/mezclas.controller.js:163:18",
  "path": "/api/mezclasSolicitadas/Proceso",
  "method": "GET",
  "statusCode": 404
}
[2025-04-06 23:57:53] [31m[31merror[31m[39m [DEVELOPMENT]: 	[31m	[31mNo se encontraron mezclas para los criterios especificados[31m[39m
{
  "stack": "Error: No se encontraron mezclas para los criterios especificados\n    at MezclaModel.obtenerTablaMezclasUsuario (file:///C:/Users/ZARAGOZA051/Desktop/LGZ2024/src/models/mezclas.models.js:371:15)\n    at process.processTicksAndRejections (node:internal/process/task_queues:95:5)\n    at async file:///C:/Users/ZARAGOZA051/Desktop/LGZ2024/src/controller/mezclas.controller.js:163:18",
  "path": "/api/mezclasSolicitadas/Proceso",
  "method": "GET",
  "statusCode": 404
}
[2025-04-07 00:02:10] [31m[31merror[31m[39m [DEVELOPMENT]: 	[31m	[31mEl id debe ser un numero[31m[39m
{
  "stack": "Error: El id debe ser un numero\n    at NotificacionModel.updateStatus (file:///C:/Users/ZARAGOZA051/Desktop/LGZ2024/src/models/notificaciones.models.js:53:28)\n    at file:///C:/Users/ZARAGOZA051/Desktop/LGZ2024/src/controller/notificaciones.controller.js:17:49\n    at file:///C:/Users/ZARAGOZA051/Desktop/LGZ2024/src/utils/asyncHandler.js:3:21\n    at Layer.handle [as handle_request] (C:\\Users\\ZARAGOZA051\\Desktop\\LGZ2024\\node_modules\\express\\lib\\router\\layer.js:95:5)\n    at next (C:\\Users\\ZARAGOZA051\\Desktop\\LGZ2024\\node_modules\\express\\lib\\router\\route.js:149:13)\n    at Route.dispatch (C:\\Users\\ZARAGOZA051\\Desktop\\LGZ2024\\node_modules\\express\\lib\\router\\route.js:119:3)\n    at Layer.handle [as handle_request] (C:\\Users\\ZARAGOZA051\\Desktop\\LGZ2024\\node_modules\\express\\lib\\router\\layer.js:95:5)\n    at C:\\Users\\ZARAGOZA051\\Desktop\\LGZ2024\\node_modules\\express\\lib\\router\\index.js:284:15\n    at param (C:\\Users\\ZARAGOZA051\\Desktop\\LGZ2024\\node_modules\\express\\lib\\router\\index.js:365:14)\n    at param (C:\\Users\\ZARAGOZA051\\Desktop\\LGZ2024\\node_modules\\express\\lib\\router\\index.js:376:14)\n    at Function.process_params (C:\\Users\\ZARAGOZA051\\Desktop\\LGZ2024\\node_modules\\express\\lib\\router\\index.js:421:3)\n    at next (C:\\Users\\ZARAGOZA051\\Desktop\\LGZ2024\\node_modules\\express\\lib\\router\\index.js:280:10)\n    at Function.handle (C:\\Users\\ZARAGOZA051\\Desktop\\LGZ2024\\node_modules\\express\\lib\\router\\index.js:175:3)\n    at router (C:\\Users\\ZARAGOZA051\\Desktop\\LGZ2024\\node_modules\\express\\lib\\router\\index.js:47:12)\n    at Layer.handle [as handle_request] (C:\\Users\\ZARAGOZA051\\Desktop\\LGZ2024\\node_modules\\express\\lib\\router\\layer.js:95:5)\n    at trim_prefix (C:\\Users\\ZARAGOZA051\\Desktop\\LGZ2024\\node_modules\\express\\lib\\router\\index.js:328:13)",
  "path": "/api/notificaciones/undefined",
  "method": "PUT",
  "statusCode": 400
}
[2025-04-07 00:06:21] [31m[31merror[31m[39m [DEVELOPMENT]: 	[31m	[31mEl id debe ser un numero[31m[39m
{
  "stack": "Error: El id debe ser un numero\n    at NotificacionModel.updateStatus (file:///C:/Users/ZARAGOZA051/Desktop/LGZ2024/src/models/notificaciones.models.js:53:28)\n    at file:///C:/Users/ZARAGOZA051/Desktop/LGZ2024/src/controller/notificaciones.controller.js:17:49\n    at file:///C:/Users/ZARAGOZA051/Desktop/LGZ2024/src/utils/asyncHandler.js:3:21\n    at Layer.handle [as handle_request] (C:\\Users\\ZARAGOZA051\\Desktop\\LGZ2024\\node_modules\\express\\lib\\router\\layer.js:95:5)\n    at next (C:\\Users\\ZARAGOZA051\\Desktop\\LGZ2024\\node_modules\\express\\lib\\router\\route.js:149:13)\n    at Route.dispatch (C:\\Users\\ZARAGOZA051\\Desktop\\LGZ2024\\node_modules\\express\\lib\\router\\route.js:119:3)\n    at Layer.handle [as handle_request] (C:\\Users\\ZARAGOZA051\\Desktop\\LGZ2024\\node_modules\\express\\lib\\router\\layer.js:95:5)\n    at C:\\Users\\ZARAGOZA051\\Desktop\\LGZ2024\\node_modules\\express\\lib\\router\\index.js:284:15\n    at param (C:\\Users\\ZARAGOZA051\\Desktop\\LGZ2024\\node_modules\\express\\lib\\router\\index.js:365:14)\n    at param (C:\\Users\\ZARAGOZA051\\Desktop\\LGZ2024\\node_modules\\express\\lib\\router\\index.js:376:14)\n    at Function.process_params (C:\\Users\\ZARAGOZA051\\Desktop\\LGZ2024\\node_modules\\express\\lib\\router\\index.js:421:3)\n    at next (C:\\Users\\ZARAGOZA051\\Desktop\\LGZ2024\\node_modules\\express\\lib\\router\\index.js:280:10)\n    at Function.handle (C:\\Users\\ZARAGOZA051\\Desktop\\LGZ2024\\node_modules\\express\\lib\\router\\index.js:175:3)\n    at router (C:\\Users\\ZARAGOZA051\\Desktop\\LGZ2024\\node_modules\\express\\lib\\router\\index.js:47:12)\n    at Layer.handle [as handle_request] (C:\\Users\\ZARAGOZA051\\Desktop\\LGZ2024\\node_modules\\express\\lib\\router\\layer.js:95:5)\n    at trim_prefix (C:\\Users\\ZARAGOZA051\\Desktop\\LGZ2024\\node_modules\\express\\lib\\router\\index.js:328:13)",
  "path": "/api/notificaciones/undefined",
  "method": "PUT",
  "statusCode": 400
}
[2025-04-07 00:09:09] [31m[31merror[31m[39m [DEVELOPMENT]: 	[31m	[31mEl id debe ser un numero[31m[39m
{
  "stack": "Error: El id debe ser un numero\n    at NotificacionModel.updateStatus (file:///C:/Users/ZARAGOZA051/Desktop/LGZ2024/src/models/notificaciones.models.js:53:28)\n    at file:///C:/Users/ZARAGOZA051/Desktop/LGZ2024/src/controller/notificaciones.controller.js:17:49\n    at file:///C:/Users/ZARAGOZA051/Desktop/LGZ2024/src/utils/asyncHandler.js:3:21\n    at Layer.handle [as handle_request] (C:\\Users\\ZARAGOZA051\\Desktop\\LGZ2024\\node_modules\\express\\lib\\router\\layer.js:95:5)\n    at next (C:\\Users\\ZARAGOZA051\\Desktop\\LGZ2024\\node_modules\\express\\lib\\router\\route.js:149:13)\n    at Route.dispatch (C:\\Users\\ZARAGOZA051\\Desktop\\LGZ2024\\node_modules\\express\\lib\\router\\route.js:119:3)\n    at Layer.handle [as handle_request] (C:\\Users\\ZARAGOZA051\\Desktop\\LGZ2024\\node_modules\\express\\lib\\router\\layer.js:95:5)\n    at C:\\Users\\ZARAGOZA051\\Desktop\\LGZ2024\\node_modules\\express\\lib\\router\\index.js:284:15\n    at param (C:\\Users\\ZARAGOZA051\\Desktop\\LGZ2024\\node_modules\\express\\lib\\router\\index.js:365:14)\n    at param (C:\\Users\\ZARAGOZA051\\Desktop\\LGZ2024\\node_modules\\express\\lib\\router\\index.js:376:14)\n    at Function.process_params (C:\\Users\\ZARAGOZA051\\Desktop\\LGZ2024\\node_modules\\express\\lib\\router\\index.js:421:3)\n    at next (C:\\Users\\ZARAGOZA051\\Desktop\\LGZ2024\\node_modules\\express\\lib\\router\\index.js:280:10)\n    at Function.handle (C:\\Users\\ZARAGOZA051\\Desktop\\LGZ2024\\node_modules\\express\\lib\\router\\index.js:175:3)\n    at router (C:\\Users\\ZARAGOZA051\\Desktop\\LGZ2024\\node_modules\\express\\lib\\router\\index.js:47:12)\n    at Layer.handle [as handle_request] (C:\\Users\\ZARAGOZA051\\Desktop\\LGZ2024\\node_modules\\express\\lib\\router\\layer.js:95:5)\n    at trim_prefix (C:\\Users\\ZARAGOZA051\\Desktop\\LGZ2024\\node_modules\\express\\lib\\router\\index.js:328:13)",
  "path": "/api/notificaciones/undefined",
  "method": "PUT",
  "statusCode": 400
}
[2025-04-07 00:12:39] [31m[31merror[31m[39m [DEVELOPMENT]: 	[31m	[31mNo se encontraron mezclas para los criterios especificados[31m[39m
{
  "stack": "Error: No se encontraron mezclas para los criterios especificados\n    at MezclaModel.obtenerTablaMezclasUsuario (file:///C:/Users/ZARAGOZA051/Desktop/LGZ2024/src/models/mezclas.models.js:371:15)\n    at process.processTicksAndRejections (node:internal/process/task_queues:95:5)\n    at async file:///C:/Users/ZARAGOZA051/Desktop/LGZ2024/src/controller/mezclas.controller.js:163:18",
  "path": "/api/mezclasSolicitadas/Proceso",
  "method": "GET",
  "statusCode": 404
}
[2025-04-07 00:14:23] [31m[31merror[31m[39m [DEVELOPMENT]: 	[31m	[31mEl id debe ser un numero[31m[39m
{
  "stack": "Error: El id debe ser un numero\n    at NotificacionModel.updateStatus (file:///C:/Users/ZARAGOZA051/Desktop/LGZ2024/src/models/notificaciones.models.js:53:28)\n    at file:///C:/Users/ZARAGOZA051/Desktop/LGZ2024/src/controller/notificaciones.controller.js:17:49\n    at file:///C:/Users/ZARAGOZA051/Desktop/LGZ2024/src/utils/asyncHandler.js:3:21\n    at Layer.handle [as handle_request] (C:\\Users\\ZARAGOZA051\\Desktop\\LGZ2024\\node_modules\\express\\lib\\router\\layer.js:95:5)\n    at next (C:\\Users\\ZARAGOZA051\\Desktop\\LGZ2024\\node_modules\\express\\lib\\router\\route.js:149:13)\n    at Route.dispatch (C:\\Users\\ZARAGOZA051\\Desktop\\LGZ2024\\node_modules\\express\\lib\\router\\route.js:119:3)\n    at Layer.handle [as handle_request] (C:\\Users\\ZARAGOZA051\\Desktop\\LGZ2024\\node_modules\\express\\lib\\router\\layer.js:95:5)\n    at C:\\Users\\ZARAGOZA051\\Desktop\\LGZ2024\\node_modules\\express\\lib\\router\\index.js:284:15\n    at param (C:\\Users\\ZARAGOZA051\\Desktop\\LGZ2024\\node_modules\\express\\lib\\router\\index.js:365:14)\n    at param (C:\\Users\\ZARAGOZA051\\Desktop\\LGZ2024\\node_modules\\express\\lib\\router\\index.js:376:14)\n    at Function.process_params (C:\\Users\\ZARAGOZA051\\Desktop\\LGZ2024\\node_modules\\express\\lib\\router\\index.js:421:3)\n    at next (C:\\Users\\ZARAGOZA051\\Desktop\\LGZ2024\\node_modules\\express\\lib\\router\\index.js:280:10)\n    at Function.handle (C:\\Users\\ZARAGOZA051\\Desktop\\LGZ2024\\node_modules\\express\\lib\\router\\index.js:175:3)\n    at router (C:\\Users\\ZARAGOZA051\\Desktop\\LGZ2024\\node_modules\\express\\lib\\router\\index.js:47:12)\n    at Layer.handle [as handle_request] (C:\\Users\\ZARAGOZA051\\Desktop\\LGZ2024\\node_modules\\express\\lib\\router\\layer.js:95:5)\n    at trim_prefix (C:\\Users\\ZARAGOZA051\\Desktop\\LGZ2024\\node_modules\\express\\lib\\router\\index.js:328:13)",
  "path": "/api/notificaciones/undefined",
  "method": "PUT",
  "statusCode": 400
}
[2025-04-07 00:18:06] [31m[31merror[31m[39m [DEVELOPMENT]: 	[31m	[31mEl id debe ser un numero[31m[39m
{
  "stack": "Error: El id debe ser un numero\n    at NotificacionModel.updateStatus (file:///C:/Users/ZARAGOZA051/Desktop/LGZ2024/src/models/notificaciones.models.js:53:28)\n    at file:///C:/Users/ZARAGOZA051/Desktop/LGZ2024/src/controller/notificaciones.controller.js:17:49\n    at file:///C:/Users/ZARAGOZA051/Desktop/LGZ2024/src/utils/asyncHandler.js:3:21\n    at Layer.handle [as handle_request] (C:\\Users\\ZARAGOZA051\\Desktop\\LGZ2024\\node_modules\\express\\lib\\router\\layer.js:95:5)\n    at next (C:\\Users\\ZARAGOZA051\\Desktop\\LGZ2024\\node_modules\\express\\lib\\router\\route.js:149:13)\n    at Route.dispatch (C:\\Users\\ZARAGOZA051\\Desktop\\LGZ2024\\node_modules\\express\\lib\\router\\route.js:119:3)\n    at Layer.handle [as handle_request] (C:\\Users\\ZARAGOZA051\\Desktop\\LGZ2024\\node_modules\\express\\lib\\router\\layer.js:95:5)\n    at C:\\Users\\ZARAGOZA051\\Desktop\\LGZ2024\\node_modules\\express\\lib\\router\\index.js:284:15\n    at param (C:\\Users\\ZARAGOZA051\\Desktop\\LGZ2024\\node_modules\\express\\lib\\router\\index.js:365:14)\n    at param (C:\\Users\\ZARAGOZA051\\Desktop\\LGZ2024\\node_modules\\express\\lib\\router\\index.js:376:14)\n    at Function.process_params (C:\\Users\\ZARAGOZA051\\Desktop\\LGZ2024\\node_modules\\express\\lib\\router\\index.js:421:3)\n    at next (C:\\Users\\ZARAGOZA051\\Desktop\\LGZ2024\\node_modules\\express\\lib\\router\\index.js:280:10)\n    at Function.handle (C:\\Users\\ZARAGOZA051\\Desktop\\LGZ2024\\node_modules\\express\\lib\\router\\index.js:175:3)\n    at router (C:\\Users\\ZARAGOZA051\\Desktop\\LGZ2024\\node_modules\\express\\lib\\router\\index.js:47:12)\n    at Layer.handle [as handle_request] (C:\\Users\\ZARAGOZA051\\Desktop\\LGZ2024\\node_modules\\express\\lib\\router\\layer.js:95:5)\n    at trim_prefix (C:\\Users\\ZARAGOZA051\\Desktop\\LGZ2024\\node_modules\\express\\lib\\router\\index.js:328:13)",
  "path": "/api/notificaciones/undefined",
  "method": "PUT",
  "statusCode": 400
}
[2025-04-07 00:20:36] [31m[31merror[31m[39m [DEVELOPMENT]: 	[31m	[31mEl id debe ser un numero[31m[39m
{
  "stack": "Error: El id debe ser un numero\n    at NotificacionModel.updateStatus (file:///C:/Users/ZARAGOZA051/Desktop/LGZ2024/src/models/notificaciones.models.js:53:28)\n    at file:///C:/Users/ZARAGOZA051/Desktop/LGZ2024/src/controller/notificaciones.controller.js:17:49\n    at file:///C:/Users/ZARAGOZA051/Desktop/LGZ2024/src/utils/asyncHandler.js:3:21\n    at Layer.handle [as handle_request] (C:\\Users\\ZARAGOZA051\\Desktop\\LGZ2024\\node_modules\\express\\lib\\router\\layer.js:95:5)\n    at next (C:\\Users\\ZARAGOZA051\\Desktop\\LGZ2024\\node_modules\\express\\lib\\router\\route.js:149:13)\n    at Route.dispatch (C:\\Users\\ZARAGOZA051\\Desktop\\LGZ2024\\node_modules\\express\\lib\\router\\route.js:119:3)\n    at Layer.handle [as handle_request] (C:\\Users\\ZARAGOZA051\\Desktop\\LGZ2024\\node_modules\\express\\lib\\router\\layer.js:95:5)\n    at C:\\Users\\ZARAGOZA051\\Desktop\\LGZ2024\\node_modules\\express\\lib\\router\\index.js:284:15\n    at param (C:\\Users\\ZARAGOZA051\\Desktop\\LGZ2024\\node_modules\\express\\lib\\router\\index.js:365:14)\n    at param (C:\\Users\\ZARAGOZA051\\Desktop\\LGZ2024\\node_modules\\express\\lib\\router\\index.js:376:14)\n    at Function.process_params (C:\\Users\\ZARAGOZA051\\Desktop\\LGZ2024\\node_modules\\express\\lib\\router\\index.js:421:3)\n    at next (C:\\Users\\ZARAGOZA051\\Desktop\\LGZ2024\\node_modules\\express\\lib\\router\\index.js:280:10)\n    at Function.handle (C:\\Users\\ZARAGOZA051\\Desktop\\LGZ2024\\node_modules\\express\\lib\\router\\index.js:175:3)\n    at router (C:\\Users\\ZARAGOZA051\\Desktop\\LGZ2024\\node_modules\\express\\lib\\router\\index.js:47:12)\n    at Layer.handle [as handle_request] (C:\\Users\\ZARAGOZA051\\Desktop\\LGZ2024\\node_modules\\express\\lib\\router\\layer.js:95:5)\n    at trim_prefix (C:\\Users\\ZARAGOZA051\\Desktop\\LGZ2024\\node_modules\\express\\lib\\router\\index.js:328:13)",
  "path": "/api/notificaciones/undefined",
  "method": "PUT",
  "statusCode": 400
}
[2025-04-07 00:22:51] [31m[31merror[31m[39m [DEVELOPMENT]: 	[31m	[31mEl id debe ser un numero[31m[39m
{
  "stack": "Error: El id debe ser un numero\n    at NotificacionModel.updateStatus (file:///C:/Users/ZARAGOZA051/Desktop/LGZ2024/src/models/notificaciones.models.js:53:28)\n    at file:///C:/Users/ZARAGOZA051/Desktop/LGZ2024/src/controller/notificaciones.controller.js:17:49\n    at file:///C:/Users/ZARAGOZA051/Desktop/LGZ2024/src/utils/asyncHandler.js:3:21\n    at Layer.handle [as handle_request] (C:\\Users\\ZARAGOZA051\\Desktop\\LGZ2024\\node_modules\\express\\lib\\router\\layer.js:95:5)\n    at next (C:\\Users\\ZARAGOZA051\\Desktop\\LGZ2024\\node_modules\\express\\lib\\router\\route.js:149:13)\n    at Route.dispatch (C:\\Users\\ZARAGOZA051\\Desktop\\LGZ2024\\node_modules\\express\\lib\\router\\route.js:119:3)\n    at Layer.handle [as handle_request] (C:\\Users\\ZARAGOZA051\\Desktop\\LGZ2024\\node_modules\\express\\lib\\router\\layer.js:95:5)\n    at C:\\Users\\ZARAGOZA051\\Desktop\\LGZ2024\\node_modules\\express\\lib\\router\\index.js:284:15\n    at param (C:\\Users\\ZARAGOZA051\\Desktop\\LGZ2024\\node_modules\\express\\lib\\router\\index.js:365:14)\n    at param (C:\\Users\\ZARAGOZA051\\Desktop\\LGZ2024\\node_modules\\express\\lib\\router\\index.js:376:14)\n    at Function.process_params (C:\\Users\\ZARAGOZA051\\Desktop\\LGZ2024\\node_modules\\express\\lib\\router\\index.js:421:3)\n    at next (C:\\Users\\ZARAGOZA051\\Desktop\\LGZ2024\\node_modules\\express\\lib\\router\\index.js:280:10)\n    at Function.handle (C:\\Users\\ZARAGOZA051\\Desktop\\LGZ2024\\node_modules\\express\\lib\\router\\index.js:175:3)\n    at router (C:\\Users\\ZARAGOZA051\\Desktop\\LGZ2024\\node_modules\\express\\lib\\router\\index.js:47:12)\n    at Layer.handle [as handle_request] (C:\\Users\\ZARAGOZA051\\Desktop\\LGZ2024\\node_modules\\express\\lib\\router\\layer.js:95:5)\n    at trim_prefix (C:\\Users\\ZARAGOZA051\\Desktop\\LGZ2024\\node_modules\\express\\lib\\router\\index.js:328:13)",
  "path": "/api/notificaciones/undefined",
  "method": "PUT",
  "statusCode": 400
}
[2025-04-07 00:29:41] [31m[31merror[31m[39m [DEVELOPMENT]: 	[31m	[31mEl id debe ser un numero[31m[39m
{
  "stack": "Error: El id debe ser un numero\n    at NotificacionModel.updateStatus (file:///C:/Users/ZARAGOZA051/Desktop/LGZ2024/src/models/notificaciones.models.js:53:28)\n    at file:///C:/Users/ZARAGOZA051/Desktop/LGZ2024/src/controller/notificaciones.controller.js:17:49\n    at file:///C:/Users/ZARAGOZA051/Desktop/LGZ2024/src/utils/asyncHandler.js:3:21\n    at Layer.handle [as handle_request] (C:\\Users\\ZARAGOZA051\\Desktop\\LGZ2024\\node_modules\\express\\lib\\router\\layer.js:95:5)\n    at next (C:\\Users\\ZARAGOZA051\\Desktop\\LGZ2024\\node_modules\\express\\lib\\router\\route.js:149:13)\n    at Route.dispatch (C:\\Users\\ZARAGOZA051\\Desktop\\LGZ2024\\node_modules\\express\\lib\\router\\route.js:119:3)\n    at Layer.handle [as handle_request] (C:\\Users\\ZARAGOZA051\\Desktop\\LGZ2024\\node_modules\\express\\lib\\router\\layer.js:95:5)\n    at C:\\Users\\ZARAGOZA051\\Desktop\\LGZ2024\\node_modules\\express\\lib\\router\\index.js:284:15\n    at param (C:\\Users\\ZARAGOZA051\\Desktop\\LGZ2024\\node_modules\\express\\lib\\router\\index.js:365:14)\n    at param (C:\\Users\\ZARAGOZA051\\Desktop\\LGZ2024\\node_modules\\express\\lib\\router\\index.js:376:14)\n    at Function.process_params (C:\\Users\\ZARAGOZA051\\Desktop\\LGZ2024\\node_modules\\express\\lib\\router\\index.js:421:3)\n    at next (C:\\Users\\ZARAGOZA051\\Desktop\\LGZ2024\\node_modules\\express\\lib\\router\\index.js:280:10)\n    at Function.handle (C:\\Users\\ZARAGOZA051\\Desktop\\LGZ2024\\node_modules\\express\\lib\\router\\index.js:175:3)\n    at router (C:\\Users\\ZARAGOZA051\\Desktop\\LGZ2024\\node_modules\\express\\lib\\router\\index.js:47:12)\n    at Layer.handle [as handle_request] (C:\\Users\\ZARAGOZA051\\Desktop\\LGZ2024\\node_modules\\express\\lib\\router\\layer.js:95:5)\n    at trim_prefix (C:\\Users\\ZARAGOZA051\\Desktop\\LGZ2024\\node_modules\\express\\lib\\router\\index.js:328:13)",
  "path": "/api/notificaciones/undefined",
  "method": "PUT",
  "statusCode": 400
}
[2025-04-07 00:32:10] [31m[31merror[31m[39m [DEVELOPMENT]: 	[31m	[31mEl id debe ser un numero[31m[39m
{
  "stack": "Error: El id debe ser un numero\n    at NotificacionModel.updateStatus (file:///C:/Users/ZARAGOZA051/Desktop/LGZ2024/src/models/notificaciones.models.js:53:28)\n    at file:///C:/Users/ZARAGOZA051/Desktop/LGZ2024/src/controller/notificaciones.controller.js:17:49\n    at file:///C:/Users/ZARAGOZA051/Desktop/LGZ2024/src/utils/asyncHandler.js:3:21\n    at Layer.handle [as handle_request] (C:\\Users\\ZARAGOZA051\\Desktop\\LGZ2024\\node_modules\\express\\lib\\router\\layer.js:95:5)\n    at next (C:\\Users\\ZARAGOZA051\\Desktop\\LGZ2024\\node_modules\\express\\lib\\router\\route.js:149:13)\n    at Route.dispatch (C:\\Users\\ZARAGOZA051\\Desktop\\LGZ2024\\node_modules\\express\\lib\\router\\route.js:119:3)\n    at Layer.handle [as handle_request] (C:\\Users\\ZARAGOZA051\\Desktop\\LGZ2024\\node_modules\\express\\lib\\router\\layer.js:95:5)\n    at C:\\Users\\ZARAGOZA051\\Desktop\\LGZ2024\\node_modules\\express\\lib\\router\\index.js:284:15\n    at param (C:\\Users\\ZARAGOZA051\\Desktop\\LGZ2024\\node_modules\\express\\lib\\router\\index.js:365:14)\n    at param (C:\\Users\\ZARAGOZA051\\Desktop\\LGZ2024\\node_modules\\express\\lib\\router\\index.js:376:14)\n    at Function.process_params (C:\\Users\\ZARAGOZA051\\Desktop\\LGZ2024\\node_modules\\express\\lib\\router\\index.js:421:3)\n    at next (C:\\Users\\ZARAGOZA051\\Desktop\\LGZ2024\\node_modules\\express\\lib\\router\\index.js:280:10)\n    at Function.handle (C:\\Users\\ZARAGOZA051\\Desktop\\LGZ2024\\node_modules\\express\\lib\\router\\index.js:175:3)\n    at router (C:\\Users\\ZARAGOZA051\\Desktop\\LGZ2024\\node_modules\\express\\lib\\router\\index.js:47:12)\n    at Layer.handle [as handle_request] (C:\\Users\\ZARAGOZA051\\Desktop\\LGZ2024\\node_modules\\express\\lib\\router\\layer.js:95:5)\n    at trim_prefix (C:\\Users\\ZARAGOZA051\\Desktop\\LGZ2024\\node_modules\\express\\lib\\router\\index.js:328:13)",
  "path": "/api/notificaciones/undefined",
  "method": "PUT",
  "statusCode": 400
}
[2025-04-07 00:32:12] [31m[31merror[31m[39m [DEVELOPMENT]: 	[31m	[31mEl id debe ser un numero[31m[39m
{
  "stack": "Error: El id debe ser un numero\n    at NotificacionModel.updateStatus (file:///C:/Users/ZARAGOZA051/Desktop/LGZ2024/src/models/notificaciones.models.js:53:28)\n    at file:///C:/Users/ZARAGOZA051/Desktop/LGZ2024/src/controller/notificaciones.controller.js:17:49\n    at file:///C:/Users/ZARAGOZA051/Desktop/LGZ2024/src/utils/asyncHandler.js:3:21\n    at Layer.handle [as handle_request] (C:\\Users\\ZARAGOZA051\\Desktop\\LGZ2024\\node_modules\\express\\lib\\router\\layer.js:95:5)\n    at next (C:\\Users\\ZARAGOZA051\\Desktop\\LGZ2024\\node_modules\\express\\lib\\router\\route.js:149:13)\n    at Route.dispatch (C:\\Users\\ZARAGOZA051\\Desktop\\LGZ2024\\node_modules\\express\\lib\\router\\route.js:119:3)\n    at Layer.handle [as handle_request] (C:\\Users\\ZARAGOZA051\\Desktop\\LGZ2024\\node_modules\\express\\lib\\router\\layer.js:95:5)\n    at C:\\Users\\ZARAGOZA051\\Desktop\\LGZ2024\\node_modules\\express\\lib\\router\\index.js:284:15\n    at param (C:\\Users\\ZARAGOZA051\\Desktop\\LGZ2024\\node_modules\\express\\lib\\router\\index.js:365:14)\n    at param (C:\\Users\\ZARAGOZA051\\Desktop\\LGZ2024\\node_modules\\express\\lib\\router\\index.js:376:14)\n    at Function.process_params (C:\\Users\\ZARAGOZA051\\Desktop\\LGZ2024\\node_modules\\express\\lib\\router\\index.js:421:3)\n    at next (C:\\Users\\ZARAGOZA051\\Desktop\\LGZ2024\\node_modules\\express\\lib\\router\\index.js:280:10)\n    at Function.handle (C:\\Users\\ZARAGOZA051\\Desktop\\LGZ2024\\node_modules\\express\\lib\\router\\index.js:175:3)\n    at router (C:\\Users\\ZARAGOZA051\\Desktop\\LGZ2024\\node_modules\\express\\lib\\router\\index.js:47:12)\n    at Layer.handle [as handle_request] (C:\\Users\\ZARAGOZA051\\Desktop\\LGZ2024\\node_modules\\express\\lib\\router\\layer.js:95:5)\n    at trim_prefix (C:\\Users\\ZARAGOZA051\\Desktop\\LGZ2024\\node_modules\\express\\lib\\router\\index.js:328:13)",
  "path": "/api/notificaciones/undefined",
  "method": "PUT",
  "statusCode": 400
}
[2025-04-07 00:33:46] [31m[31merror[31m[39m [DEVELOPMENT]: 	[31m	[31mEl id debe ser un numero[31m[39m
{
  "stack": "Error: El id debe ser un numero\n    at NotificacionModel.updateStatus (file:///C:/Users/ZARAGOZA051/Desktop/LGZ2024/src/models/notificaciones.models.js:53:28)\n    at file:///C:/Users/ZARAGOZA051/Desktop/LGZ2024/src/controller/notificaciones.controller.js:17:49\n    at file:///C:/Users/ZARAGOZA051/Desktop/LGZ2024/src/utils/asyncHandler.js:3:21\n    at Layer.handle [as handle_request] (C:\\Users\\ZARAGOZA051\\Desktop\\LGZ2024\\node_modules\\express\\lib\\router\\layer.js:95:5)\n    at next (C:\\Users\\ZARAGOZA051\\Desktop\\LGZ2024\\node_modules\\express\\lib\\router\\route.js:149:13)\n    at Route.dispatch (C:\\Users\\ZARAGOZA051\\Desktop\\LGZ2024\\node_modules\\express\\lib\\router\\route.js:119:3)\n    at Layer.handle [as handle_request] (C:\\Users\\ZARAGOZA051\\Desktop\\LGZ2024\\node_modules\\express\\lib\\router\\layer.js:95:5)\n    at C:\\Users\\ZARAGOZA051\\Desktop\\LGZ2024\\node_modules\\express\\lib\\router\\index.js:284:15\n    at param (C:\\Users\\ZARAGOZA051\\Desktop\\LGZ2024\\node_modules\\express\\lib\\router\\index.js:365:14)\n    at param (C:\\Users\\ZARAGOZA051\\Desktop\\LGZ2024\\node_modules\\express\\lib\\router\\index.js:376:14)\n    at Function.process_params (C:\\Users\\ZARAGOZA051\\Desktop\\LGZ2024\\node_modules\\express\\lib\\router\\index.js:421:3)\n    at next (C:\\Users\\ZARAGOZA051\\Desktop\\LGZ2024\\node_modules\\express\\lib\\router\\index.js:280:10)\n    at Function.handle (C:\\Users\\ZARAGOZA051\\Desktop\\LGZ2024\\node_modules\\express\\lib\\router\\index.js:175:3)\n    at router (C:\\Users\\ZARAGOZA051\\Desktop\\LGZ2024\\node_modules\\express\\lib\\router\\index.js:47:12)\n    at Layer.handle [as handle_request] (C:\\Users\\ZARAGOZA051\\Desktop\\LGZ2024\\node_modules\\express\\lib\\router\\layer.js:95:5)\n    at trim_prefix (C:\\Users\\ZARAGOZA051\\Desktop\\LGZ2024\\node_modules\\express\\lib\\router\\index.js:328:13)",
  "path": "/api/notificaciones/undefined",
  "method": "PUT",
  "statusCode": 400
}
[2025-04-07 00:34:34] [31m[31merror[31m[39m [DEVELOPMENT]: 	[31m	[31mEl id debe ser un numero[31m[39m
{
  "stack": "Error: El id debe ser un numero\n    at NotificacionModel.updateStatus (file:///C:/Users/ZARAGOZA051/Desktop/LGZ2024/src/models/notificaciones.models.js:53:28)\n    at file:///C:/Users/ZARAGOZA051/Desktop/LGZ2024/src/controller/notificaciones.controller.js:17:49\n    at file:///C:/Users/ZARAGOZA051/Desktop/LGZ2024/src/utils/asyncHandler.js:3:21\n    at Layer.handle [as handle_request] (C:\\Users\\ZARAGOZA051\\Desktop\\LGZ2024\\node_modules\\express\\lib\\router\\layer.js:95:5)\n    at next (C:\\Users\\ZARAGOZA051\\Desktop\\LGZ2024\\node_modules\\express\\lib\\router\\route.js:149:13)\n    at Route.dispatch (C:\\Users\\ZARAGOZA051\\Desktop\\LGZ2024\\node_modules\\express\\lib\\router\\route.js:119:3)\n    at Layer.handle [as handle_request] (C:\\Users\\ZARAGOZA051\\Desktop\\LGZ2024\\node_modules\\express\\lib\\router\\layer.js:95:5)\n    at C:\\Users\\ZARAGOZA051\\Desktop\\LGZ2024\\node_modules\\express\\lib\\router\\index.js:284:15\n    at param (C:\\Users\\ZARAGOZA051\\Desktop\\LGZ2024\\node_modules\\express\\lib\\router\\index.js:365:14)\n    at param (C:\\Users\\ZARAGOZA051\\Desktop\\LGZ2024\\node_modules\\express\\lib\\router\\index.js:376:14)\n    at Function.process_params (C:\\Users\\ZARAGOZA051\\Desktop\\LGZ2024\\node_modules\\express\\lib\\router\\index.js:421:3)\n    at next (C:\\Users\\ZARAGOZA051\\Desktop\\LGZ2024\\node_modules\\express\\lib\\router\\index.js:280:10)\n    at Function.handle (C:\\Users\\ZARAGOZA051\\Desktop\\LGZ2024\\node_modules\\express\\lib\\router\\index.js:175:3)\n    at router (C:\\Users\\ZARAGOZA051\\Desktop\\LGZ2024\\node_modules\\express\\lib\\router\\index.js:47:12)\n    at Layer.handle [as handle_request] (C:\\Users\\ZARAGOZA051\\Desktop\\LGZ2024\\node_modules\\express\\lib\\router\\layer.js:95:5)\n    at trim_prefix (C:\\Users\\ZARAGOZA051\\Desktop\\LGZ2024\\node_modules\\express\\lib\\router\\index.js:328:13)",
  "path": "/api/notificaciones/undefined",
  "method": "PUT",
  "statusCode": 400
}
[2025-04-07 00:34:50] [31m[31merror[31m[39m [DEVELOPMENT]: 	[31m	[31mEl id debe ser un numero[31m[39m
{
  "stack": "Error: El id debe ser un numero\n    at NotificacionModel.updateStatus (file:///C:/Users/ZARAGOZA051/Desktop/LGZ2024/src/models/notificaciones.models.js:53:28)\n    at file:///C:/Users/ZARAGOZA051/Desktop/LGZ2024/src/controller/notificaciones.controller.js:17:49\n    at file:///C:/Users/ZARAGOZA051/Desktop/LGZ2024/src/utils/asyncHandler.js:3:21\n    at Layer.handle [as handle_request] (C:\\Users\\ZARAGOZA051\\Desktop\\LGZ2024\\node_modules\\express\\lib\\router\\layer.js:95:5)\n    at next (C:\\Users\\ZARAGOZA051\\Desktop\\LGZ2024\\node_modules\\express\\lib\\router\\route.js:149:13)\n    at Route.dispatch (C:\\Users\\ZARAGOZA051\\Desktop\\LGZ2024\\node_modules\\express\\lib\\router\\route.js:119:3)\n    at Layer.handle [as handle_request] (C:\\Users\\ZARAGOZA051\\Desktop\\LGZ2024\\node_modules\\express\\lib\\router\\layer.js:95:5)\n    at C:\\Users\\ZARAGOZA051\\Desktop\\LGZ2024\\node_modules\\express\\lib\\router\\index.js:284:15\n    at param (C:\\Users\\ZARAGOZA051\\Desktop\\LGZ2024\\node_modules\\express\\lib\\router\\index.js:365:14)\n    at param (C:\\Users\\ZARAGOZA051\\Desktop\\LGZ2024\\node_modules\\express\\lib\\router\\index.js:376:14)\n    at Function.process_params (C:\\Users\\ZARAGOZA051\\Desktop\\LGZ2024\\node_modules\\express\\lib\\router\\index.js:421:3)\n    at next (C:\\Users\\ZARAGOZA051\\Desktop\\LGZ2024\\node_modules\\express\\lib\\router\\index.js:280:10)\n    at Function.handle (C:\\Users\\ZARAGOZA051\\Desktop\\LGZ2024\\node_modules\\express\\lib\\router\\index.js:175:3)\n    at router (C:\\Users\\ZARAGOZA051\\Desktop\\LGZ2024\\node_modules\\express\\lib\\router\\index.js:47:12)\n    at Layer.handle [as handle_request] (C:\\Users\\ZARAGOZA051\\Desktop\\LGZ2024\\node_modules\\express\\lib\\router\\layer.js:95:5)\n    at trim_prefix (C:\\Users\\ZARAGOZA051\\Desktop\\LGZ2024\\node_modules\\express\\lib\\router\\index.js:328:13)",
  "path": "/api/notificaciones/undefined",
  "method": "PUT",
  "statusCode": 400
}
[2025-04-07 00:35:22] [31m[31merror[31m[39m [DEVELOPMENT]: 	[31m	[31mEl id debe ser un numero[31m[39m
{
  "stack": "Error: El id debe ser un numero\n    at NotificacionModel.updateStatus (file:///C:/Users/ZARAGOZA051/Desktop/LGZ2024/src/models/notificaciones.models.js:53:28)\n    at file:///C:/Users/ZARAGOZA051/Desktop/LGZ2024/src/controller/notificaciones.controller.js:17:49\n    at file:///C:/Users/ZARAGOZA051/Desktop/LGZ2024/src/utils/asyncHandler.js:3:21\n    at Layer.handle [as handle_request] (C:\\Users\\ZARAGOZA051\\Desktop\\LGZ2024\\node_modules\\express\\lib\\router\\layer.js:95:5)\n    at next (C:\\Users\\ZARAGOZA051\\Desktop\\LGZ2024\\node_modules\\express\\lib\\router\\route.js:149:13)\n    at Route.dispatch (C:\\Users\\ZARAGOZA051\\Desktop\\LGZ2024\\node_modules\\express\\lib\\router\\route.js:119:3)\n    at Layer.handle [as handle_request] (C:\\Users\\ZARAGOZA051\\Desktop\\LGZ2024\\node_modules\\express\\lib\\router\\layer.js:95:5)\n    at C:\\Users\\ZARAGOZA051\\Desktop\\LGZ2024\\node_modules\\express\\lib\\router\\index.js:284:15\n    at param (C:\\Users\\ZARAGOZA051\\Desktop\\LGZ2024\\node_modules\\express\\lib\\router\\index.js:365:14)\n    at param (C:\\Users\\ZARAGOZA051\\Desktop\\LGZ2024\\node_modules\\express\\lib\\router\\index.js:376:14)\n    at Function.process_params (C:\\Users\\ZARAGOZA051\\Desktop\\LGZ2024\\node_modules\\express\\lib\\router\\index.js:421:3)\n    at next (C:\\Users\\ZARAGOZA051\\Desktop\\LGZ2024\\node_modules\\express\\lib\\router\\index.js:280:10)\n    at Function.handle (C:\\Users\\ZARAGOZA051\\Desktop\\LGZ2024\\node_modules\\express\\lib\\router\\index.js:175:3)\n    at router (C:\\Users\\ZARAGOZA051\\Desktop\\LGZ2024\\node_modules\\express\\lib\\router\\index.js:47:12)\n    at Layer.handle [as handle_request] (C:\\Users\\ZARAGOZA051\\Desktop\\LGZ2024\\node_modules\\express\\lib\\router\\layer.js:95:5)\n    at trim_prefix (C:\\Users\\ZARAGOZA051\\Desktop\\LGZ2024\\node_modules\\express\\lib\\router\\index.js:328:13)",
  "path": "/api/notificaciones/undefined",
  "method": "PUT",
  "statusCode": 400
}
[2025-04-07 00:35:25] [31m[31merror[31m[39m [DEVELOPMENT]: 	[31m	[31mEl id debe ser un numero[31m[39m
{
  "stack": "Error: El id debe ser un numero\n    at NotificacionModel.updateStatus (file:///C:/Users/ZARAGOZA051/Desktop/LGZ2024/src/models/notificaciones.models.js:53:28)\n    at file:///C:/Users/ZARAGOZA051/Desktop/LGZ2024/src/controller/notificaciones.controller.js:17:49\n    at file:///C:/Users/ZARAGOZA051/Desktop/LGZ2024/src/utils/asyncHandler.js:3:21\n    at Layer.handle [as handle_request] (C:\\Users\\ZARAGOZA051\\Desktop\\LGZ2024\\node_modules\\express\\lib\\router\\layer.js:95:5)\n    at next (C:\\Users\\ZARAGOZA051\\Desktop\\LGZ2024\\node_modules\\express\\lib\\router\\route.js:149:13)\n    at Route.dispatch (C:\\Users\\ZARAGOZA051\\Desktop\\LGZ2024\\node_modules\\express\\lib\\router\\route.js:119:3)\n    at Layer.handle [as handle_request] (C:\\Users\\ZARAGOZA051\\Desktop\\LGZ2024\\node_modules\\express\\lib\\router\\layer.js:95:5)\n    at C:\\Users\\ZARAGOZA051\\Desktop\\LGZ2024\\node_modules\\express\\lib\\router\\index.js:284:15\n    at param (C:\\Users\\ZARAGOZA051\\Desktop\\LGZ2024\\node_modules\\express\\lib\\router\\index.js:365:14)\n    at param (C:\\Users\\ZARAGOZA051\\Desktop\\LGZ2024\\node_modules\\express\\lib\\router\\index.js:376:14)\n    at Function.process_params (C:\\Users\\ZARAGOZA051\\Desktop\\LGZ2024\\node_modules\\express\\lib\\router\\index.js:421:3)\n    at next (C:\\Users\\ZARAGOZA051\\Desktop\\LGZ2024\\node_modules\\express\\lib\\router\\index.js:280:10)\n    at Function.handle (C:\\Users\\ZARAGOZA051\\Desktop\\LGZ2024\\node_modules\\express\\lib\\router\\index.js:175:3)\n    at router (C:\\Users\\ZARAGOZA051\\Desktop\\LGZ2024\\node_modules\\express\\lib\\router\\index.js:47:12)\n    at Layer.handle [as handle_request] (C:\\Users\\ZARAGOZA051\\Desktop\\LGZ2024\\node_modules\\express\\lib\\router\\layer.js:95:5)\n    at trim_prefix (C:\\Users\\ZARAGOZA051\\Desktop\\LGZ2024\\node_modules\\express\\lib\\router\\index.js:328:13)",
  "path": "/api/notificaciones/undefined",
  "method": "PUT",
  "statusCode": 400
}
[2025-04-07 00:36:28] [31m[31merror[31m[39m [DEVELOPMENT]: 	[31m	[31mEl id debe ser un numero[31m[39m
{
  "stack": "Error: El id debe ser un numero\n    at NotificacionModel.updateStatus (file:///C:/Users/ZARAGOZA051/Desktop/LGZ2024/src/models/notificaciones.models.js:53:28)\n    at file:///C:/Users/ZARAGOZA051/Desktop/LGZ2024/src/controller/notificaciones.controller.js:17:49\n    at file:///C:/Users/ZARAGOZA051/Desktop/LGZ2024/src/utils/asyncHandler.js:3:21\n    at Layer.handle [as handle_request] (C:\\Users\\ZARAGOZA051\\Desktop\\LGZ2024\\node_modules\\express\\lib\\router\\layer.js:95:5)\n    at next (C:\\Users\\ZARAGOZA051\\Desktop\\LGZ2024\\node_modules\\express\\lib\\router\\route.js:149:13)\n    at Route.dispatch (C:\\Users\\ZARAGOZA051\\Desktop\\LGZ2024\\node_modules\\express\\lib\\router\\route.js:119:3)\n    at Layer.handle [as handle_request] (C:\\Users\\ZARAGOZA051\\Desktop\\LGZ2024\\node_modules\\express\\lib\\router\\layer.js:95:5)\n    at C:\\Users\\ZARAGOZA051\\Desktop\\LGZ2024\\node_modules\\express\\lib\\router\\index.js:284:15\n    at param (C:\\Users\\ZARAGOZA051\\Desktop\\LGZ2024\\node_modules\\express\\lib\\router\\index.js:365:14)\n    at param (C:\\Users\\ZARAGOZA051\\Desktop\\LGZ2024\\node_modules\\express\\lib\\router\\index.js:376:14)\n    at Function.process_params (C:\\Users\\ZARAGOZA051\\Desktop\\LGZ2024\\node_modules\\express\\lib\\router\\index.js:421:3)\n    at next (C:\\Users\\ZARAGOZA051\\Desktop\\LGZ2024\\node_modules\\express\\lib\\router\\index.js:280:10)\n    at Function.handle (C:\\Users\\ZARAGOZA051\\Desktop\\LGZ2024\\node_modules\\express\\lib\\router\\index.js:175:3)\n    at router (C:\\Users\\ZARAGOZA051\\Desktop\\LGZ2024\\node_modules\\express\\lib\\router\\index.js:47:12)\n    at Layer.handle [as handle_request] (C:\\Users\\ZARAGOZA051\\Desktop\\LGZ2024\\node_modules\\express\\lib\\router\\layer.js:95:5)\n    at trim_prefix (C:\\Users\\ZARAGOZA051\\Desktop\\LGZ2024\\node_modules\\express\\lib\\router\\index.js:328:13)",
  "path": "/api/notificaciones/undefined",
  "method": "PUT",
  "statusCode": 400
}
[2025-04-07 00:36:31] [31m[31merror[31m[39m [DEVELOPMENT]: 	[31m	[31mEl id debe ser un numero[31m[39m
{
  "stack": "Error: El id debe ser un numero\n    at NotificacionModel.updateStatus (file:///C:/Users/ZARAGOZA051/Desktop/LGZ2024/src/models/notificaciones.models.js:53:28)\n    at file:///C:/Users/ZARAGOZA051/Desktop/LGZ2024/src/controller/notificaciones.controller.js:17:49\n    at file:///C:/Users/ZARAGOZA051/Desktop/LGZ2024/src/utils/asyncHandler.js:3:21\n    at Layer.handle [as handle_request] (C:\\Users\\ZARAGOZA051\\Desktop\\LGZ2024\\node_modules\\express\\lib\\router\\layer.js:95:5)\n    at next (C:\\Users\\ZARAGOZA051\\Desktop\\LGZ2024\\node_modules\\express\\lib\\router\\route.js:149:13)\n    at Route.dispatch (C:\\Users\\ZARAGOZA051\\Desktop\\LGZ2024\\node_modules\\express\\lib\\router\\route.js:119:3)\n    at Layer.handle [as handle_request] (C:\\Users\\ZARAGOZA051\\Desktop\\LGZ2024\\node_modules\\express\\lib\\router\\layer.js:95:5)\n    at C:\\Users\\ZARAGOZA051\\Desktop\\LGZ2024\\node_modules\\express\\lib\\router\\index.js:284:15\n    at param (C:\\Users\\ZARAGOZA051\\Desktop\\LGZ2024\\node_modules\\express\\lib\\router\\index.js:365:14)\n    at param (C:\\Users\\ZARAGOZA051\\Desktop\\LGZ2024\\node_modules\\express\\lib\\router\\index.js:376:14)\n    at Function.process_params (C:\\Users\\ZARAGOZA051\\Desktop\\LGZ2024\\node_modules\\express\\lib\\router\\index.js:421:3)\n    at next (C:\\Users\\ZARAGOZA051\\Desktop\\LGZ2024\\node_modules\\express\\lib\\router\\index.js:280:10)\n    at Function.handle (C:\\Users\\ZARAGOZA051\\Desktop\\LGZ2024\\node_modules\\express\\lib\\router\\index.js:175:3)\n    at router (C:\\Users\\ZARAGOZA051\\Desktop\\LGZ2024\\node_modules\\express\\lib\\router\\index.js:47:12)\n    at Layer.handle [as handle_request] (C:\\Users\\ZARAGOZA051\\Desktop\\LGZ2024\\node_modules\\express\\lib\\router\\layer.js:95:5)\n    at trim_prefix (C:\\Users\\ZARAGOZA051\\Desktop\\LGZ2024\\node_modules\\express\\lib\\router\\index.js:328:13)",
  "path": "/api/notificaciones/undefined",
  "method": "PUT",
  "statusCode": 400
}
[2025-04-07 00:58:38] [31m[31merror[31m[39m [DEVELOPMENT]: 	[31m	[31mnotificacion con id 278 no encontrada[31m[39m
{
  "stack": "Error: notificacion con id 278 no encontrada\n    at NotificacionModel.updateStatus (file:///C:/Users/ZARAGOZA051/Desktop/LGZ2024/src/models/notificaciones.models.js:55:32)\n    at process.processTicksAndRejections (node:internal/process/task_queues:95:5)\n    at async file:///C:/Users/ZARAGOZA051/Desktop/LGZ2024/src/controller/notificaciones.controller.js:19:20",
  "path": "/api/notificaciones/278",
  "method": "PUT",
  "statusCode": 404
}
[2025-04-07 00:58:46] [31m[31merror[31m[39m [DEVELOPMENT]: 	[31m	[31mnotificacion con id 278 no encontrada[31m[39m
{
  "stack": "Error: notificacion con id 278 no encontrada\n    at NotificacionModel.updateStatus (file:///C:/Users/ZARAGOZA051/Desktop/LGZ2024/src/models/notificaciones.models.js:55:32)\n    at process.processTicksAndRejections (node:internal/process/task_queues:95:5)\n    at async file:///C:/Users/ZARAGOZA051/Desktop/LGZ2024/src/controller/notificaciones.controller.js:19:20",
  "path": "/api/notificaciones/278",
  "method": "PUT",
  "statusCode": 404
}
[2025-04-07 01:10:37] [31m[31merror[31m[39m [DEVELOPMENT]: 	[31m	[31mnotificacion con id 278 no encontrada[31m[39m
{
  "stack": "Error: notificacion con id 278 no encontrada\n    at NotificacionModel.updateStatus (file:///C:/Users/ZARAGOZA051/Desktop/LGZ2024/src/models/notificaciones.models.js:55:32)\n    at process.processTicksAndRejections (node:internal/process/task_queues:95:5)\n    at async file:///C:/Users/ZARAGOZA051/Desktop/LGZ2024/src/controller/notificaciones.controller.js:19:20",
  "path": "/api/notificaciones/278",
  "method": "PUT",
  "statusCode": 404
}
[2025-04-07 01:12:05] [31m[31merror[31m[39m [DEVELOPMENT]: 	[31m	[31mnotificacion con id 278 no encontrada[31m[39m
{
  "stack": "Error: notificacion con id 278 no encontrada\n    at NotificacionModel.updateStatus (file:///C:/Users/ZARAGOZA051/Desktop/LGZ2024/src/models/notificaciones.models.js:55:32)\n    at process.processTicksAndRejections (node:internal/process/task_queues:95:5)\n    at async file:///C:/Users/ZARAGOZA051/Desktop/LGZ2024/src/controller/notificaciones.controller.js:19:20",
  "path": "/api/notificaciones/278",
  "method": "PUT",
  "statusCode": 404
}
[2025-04-07 01:35:14] [31m[31merror[31m[39m [DEVELOPMENT]: 	[31m	[31mnotificacion con id 281 no encontrada[31m[39m
{
  "stack": "Error: notificacion con id 281 no encontrada\n    at NotificacionModel.updateStatus (file:///C:/Users/ZARAGOZA051/Desktop/LGZ2024/src/models/notificaciones.models.js:55:32)\n    at process.processTicksAndRejections (node:internal/process/task_queues:95:5)\n    at async file:///C:/Users/ZARAGOZA051/Desktop/LGZ2024/src/controller/notificaciones.controller.js:19:20",
  "path": "/api/notificaciones/281",
  "method": "PUT",
  "statusCode": 404
}
[2025-04-07 01:35:59] [31m[31merror[31m[39m [DEVELOPMENT]: 	[31m	[31mnotificacion con id 281 no encontrada[31m[39m
{
  "stack": "Error: notificacion con id 281 no encontrada\n    at NotificacionModel.updateStatus (file:///C:/Users/ZARAGOZA051/Desktop/LGZ2024/src/models/notificaciones.models.js:55:32)\n    at process.processTicksAndRejections (node:internal/process/task_queues:95:5)\n    at async file:///C:/Users/ZARAGOZA051/Desktop/LGZ2024/src/controller/notificaciones.controller.js:19:20",
  "path": "/api/notificaciones/281",
  "method": "PUT",
  "statusCode": 404
}
[2025-04-07 01:37:27] [31m[31merror[31m[39m [DEVELOPMENT]: 	[31m	[31mnotificacion con id 278 no encontrada[31m[39m
{
  "stack": "Error: notificacion con id 278 no encontrada\n    at NotificacionModel.updateStatus (file:///C:/Users/ZARAGOZA051/Desktop/LGZ2024/src/models/notificaciones.models.js:55:32)\n    at process.processTicksAndRejections (node:internal/process/task_queues:95:5)\n    at async file:///C:/Users/ZARAGOZA051/Desktop/LGZ2024/src/controller/notificaciones.controller.js:19:20",
  "path": "/api/notificaciones/278",
  "method": "PUT",
  "statusCode": 404
}
[2025-04-07 01:41:29] [31m[31merror[31m[39m [DEVELOPMENT]: 	[31m	[31mnotificacion con id 283 no encontrada[31m[39m
{
  "stack": "Error: notificacion con id 283 no encontrada\n    at NotificacionModel.updateStatus (file:///C:/Users/ZARAGOZA051/Desktop/LGZ2024/src/models/notificaciones.models.js:55:32)\n    at process.processTicksAndRejections (node:internal/process/task_queues:95:5)\n    at async file:///C:/Users/ZARAGOZA051/Desktop/LGZ2024/src/controller/notificaciones.controller.js:19:20",
  "path": "/api/notificaciones/283",
  "method": "PUT",
  "statusCode": 404
}
[2025-04-07 01:42:30] [31m[31merror[31m[39m [DEVELOPMENT]: 	[31m	[31mnotificacion con id 283 no encontrada[31m[39m
{
  "stack": "Error: notificacion con id 283 no encontrada\n    at NotificacionModel.updateStatus (file:///C:/Users/ZARAGOZA051/Desktop/LGZ2024/src/models/notificaciones.models.js:55:32)\n    at process.processTicksAndRejections (node:internal/process/task_queues:95:5)\n    at async file:///C:/Users/ZARAGOZA051/Desktop/LGZ2024/src/controller/notificaciones.controller.js:19:20",
  "path": "/api/notificaciones/283",
  "method": "PUT",
  "statusCode": 404
}
[2025-04-07 01:42:32] [31m[31merror[31m[39m [DEVELOPMENT]: 	[31m	[31mnotificacion con id 283 no encontrada[31m[39m
{
  "stack": "Error: notificacion con id 283 no encontrada\n    at NotificacionModel.updateStatus (file:///C:/Users/ZARAGOZA051/Desktop/LGZ2024/src/models/notificaciones.models.js:55:32)\n    at process.processTicksAndRejections (node:internal/process/task_queues:95:5)\n    at async file:///C:/Users/ZARAGOZA051/Desktop/LGZ2024/src/controller/notificaciones.controller.js:19:20",
  "path": "/api/notificaciones/283",
  "method": "PUT",
  "statusCode": 404
}
[2025-04-07 01:58:43] [31m[31merror[31m[39m [DEVELOPMENT]: 	[31m	[31mNo se encontraron mezclas para los criterios especificados[31m[39m
{
  "stack": "Error: No se encontraron mezclas para los criterios especificados\n    at MezclaModel.obtenerTablaMezclasUsuario (file:///C:/Users/ZARAGOZA051/Desktop/LGZ2024/src/models/mezclas.models.js:371:15)\n    at process.processTicksAndRejections (node:internal/process/task_queues:95:5)\n    at async file:///C:/Users/ZARAGOZA051/Desktop/LGZ2024/src/controller/mezclas.controller.js:163:18",
  "path": "/api/mezclasSolicitadas/Proceso",
  "method": "GET",
  "statusCode": 404
}
[2025-04-07 01:58:51] [31m[31merror[31m[39m [DEVELOPMENT]: 	[31m	[31mnotificacion con id 278 no encontrada[31m[39m
{
  "stack": "Error: notificacion con id 278 no encontrada\n    at NotificacionModel.updateStatus (file:///C:/Users/ZARAGOZA051/Desktop/LGZ2024/src/models/notificaciones.models.js:83:32)\n    at process.processTicksAndRejections (node:internal/process/task_queues:95:5)\n    at async file:///C:/Users/ZARAGOZA051/Desktop/LGZ2024/src/controller/notificaciones.controller.js:19:20",
  "path": "/api/notificaciones/278",
  "method": "PUT",
  "statusCode": 404
}
[2025-04-07 01:59:07] [31m[31merror[31m[39m [DEVELOPMENT]: 	[31m	[31mnotificacion con id 278 no encontrada[31m[39m
{
  "stack": "Error: notificacion con id 278 no encontrada\n    at NotificacionModel.updateStatus (file:///C:/Users/ZARAGOZA051/Desktop/LGZ2024/src/models/notificaciones.models.js:83:32)\n    at process.processTicksAndRejections (node:internal/process/task_queues:95:5)\n    at async file:///C:/Users/ZARAGOZA051/Desktop/LGZ2024/src/controller/notificaciones.controller.js:19:20",
  "path": "/api/notificaciones/278",
  "method": "PUT",
  "statusCode": 404
}
[2025-04-07 02:00:41] [31m[31merror[31m[39m [DEVELOPMENT]: 	[31m	[31mnotificacion con id 278 no encontrada[31m[39m
{
  "stack": "Error: notificacion con id 278 no encontrada\n    at NotificacionModel.updateStatus (file:///C:/Users/ZARAGOZA051/Desktop/LGZ2024/src/models/notificaciones.models.js:83:32)\n    at process.processTicksAndRejections (node:internal/process/task_queues:95:5)\n    at async file:///C:/Users/ZARAGOZA051/Desktop/LGZ2024/src/controller/notificaciones.controller.js:19:20",
  "path": "/api/notificaciones/278",
  "method": "PUT",
  "statusCode": 404
}
[2025-04-07 02:01:33] [31m[31merror[31m[39m [DEVELOPMENT]: 	[31m	[31mnotificacion con id 283 no encontrada[31m[39m
{
  "stack": "Error: notificacion con id 283 no encontrada\n    at NotificacionModel.updateStatus (file:///C:/Users/ZARAGOZA051/Desktop/LGZ2024/src/models/notificaciones.models.js:83:32)\n    at process.processTicksAndRejections (node:internal/process/task_queues:95:5)\n    at async file:///C:/Users/ZARAGOZA051/Desktop/LGZ2024/src/controller/notificaciones.controller.js:19:20",
  "path": "/api/notificaciones/283",
  "method": "PUT",
  "statusCode": 404
}
[2025-04-07 02:02:49] [31m[31merror[31m[39m [DEVELOPMENT]: 	[31m	[31mnotificacion con id 278 no encontrada[31m[39m
{
  "stack": "Error: notificacion con id 278 no encontrada\n    at NotificacionModel.updateStatus (file:///C:/Users/ZARAGOZA051/Desktop/LGZ2024/src/models/notificaciones.models.js:83:32)\n    at process.processTicksAndRejections (node:internal/process/task_queues:95:5)\n    at async file:///C:/Users/ZARAGOZA051/Desktop/LGZ2024/src/controller/notificaciones.controller.js:19:20",
  "path": "/api/notificaciones/278",
  "method": "PUT",
  "statusCode": 404
}
[2025-04-07 02:07:37] [31m[31merror[31m[39m [DEVELOPMENT]: 	[31m	[31mnotificacion con id 278 no encontrada[31m[39m
{
  "stack": "Error: notificacion con id 278 no encontrada\n    at NotificacionModel.updateStatus (file:///C:/Users/ZARAGOZA051/Desktop/LGZ2024/src/models/notificaciones.models.js:83:32)\n    at process.processTicksAndRejections (node:internal/process/task_queues:95:5)\n    at async file:///C:/Users/ZARAGOZA051/Desktop/LGZ2024/src/controller/notificaciones.controller.js:19:20",
  "path": "/api/notificaciones/278",
  "method": "PUT",
  "statusCode": 404
}
[2025-04-07 02:09:27] [31m[31merror[31m[39m [DEVELOPMENT]: 	[31m	[31mnotificacion con id 278 no encontrada[31m[39m
{
  "stack": "Error: notificacion con id 278 no encontrada\n    at NotificacionModel.updateStatus (file:///C:/Users/ZARAGOZA051/Desktop/LGZ2024/src/models/notificaciones.models.js:83:32)\n    at process.processTicksAndRejections (node:internal/process/task_queues:95:5)\n    at async file:///C:/Users/ZARAGOZA051/Desktop/LGZ2024/src/controller/notificaciones.controller.js:19:20",
  "path": "/api/notificaciones/278",
  "method": "PUT",
  "statusCode": 404
}
[2025-04-07 02:10:12] [31m[31merror[31m[39m [DEVELOPMENT]: 	[31m	[31mnotificacion con id 278 no encontrada[31m[39m
{
  "stack": "Error: notificacion con id 278 no encontrada\n    at NotificacionModel.updateStatus (file:///C:/Users/ZARAGOZA051/Desktop/LGZ2024/src/models/notificaciones.models.js:83:32)\n    at process.processTicksAndRejections (node:internal/process/task_queues:95:5)\n    at async file:///C:/Users/ZARAGOZA051/Desktop/LGZ2024/src/controller/notificaciones.controller.js:19:20",
  "path": "/api/notificaciones/278",
  "method": "PUT",
  "statusCode": 404
}
[2025-04-07 02:12:04] [31m[31merror[31m[39m [DEVELOPMENT]: 	[31m	[31mnotificacion con id 278 no encontrada[31m[39m
{
  "stack": "Error: notificacion con id 278 no encontrada\n    at NotificacionModel.updateStatus (file:///C:/Users/ZARAGOZA051/Desktop/LGZ2024/src/models/notificaciones.models.js:83:32)\n    at process.processTicksAndRejections (node:internal/process/task_queues:95:5)\n    at async file:///C:/Users/ZARAGOZA051/Desktop/LGZ2024/src/controller/notificaciones.controller.js:19:20",
  "path": "/api/notificaciones/278",
  "method": "PUT",
  "statusCode": 404
}
[2025-04-07 02:21:50] [31m[31merror[31m[39m [DEVELOPMENT]: 	[31m	[31mEl id debe ser un numero[31m[39m
{
  "stack": "Error: El id debe ser un numero\n    at NotificacionModel.updateStatus (file:///C:/Users/ZARAGOZA051/Desktop/LGZ2024/src/models/notificaciones.models.js:81:28)\n    at file:///C:/Users/ZARAGOZA051/Desktop/LGZ2024/src/controller/notificaciones.controller.js:19:49\n    at file:///C:/Users/ZARAGOZA051/Desktop/LGZ2024/src/utils/asyncHandler.js:3:21\n    at Layer.handle [as handle_request] (C:\\Users\\ZARAGOZA051\\Desktop\\LGZ2024\\node_modules\\express\\lib\\router\\layer.js:95:5)\n    at next (C:\\Users\\ZARAGOZA051\\Desktop\\LGZ2024\\node_modules\\express\\lib\\router\\route.js:149:13)\n    at Route.dispatch (C:\\Users\\ZARAGOZA051\\Desktop\\LGZ2024\\node_modules\\express\\lib\\router\\route.js:119:3)\n    at Layer.handle [as handle_request] (C:\\Users\\ZARAGOZA051\\Desktop\\LGZ2024\\node_modules\\express\\lib\\router\\layer.js:95:5)\n    at C:\\Users\\ZARAGOZA051\\Desktop\\LGZ2024\\node_modules\\express\\lib\\router\\index.js:284:15\n    at param (C:\\Users\\ZARAGOZA051\\Desktop\\LGZ2024\\node_modules\\express\\lib\\router\\index.js:365:14)\n    at param (C:\\Users\\ZARAGOZA051\\Desktop\\LGZ2024\\node_modules\\express\\lib\\router\\index.js:376:14)\n    at Function.process_params (C:\\Users\\ZARAGOZA051\\Desktop\\LGZ2024\\node_modules\\express\\lib\\router\\index.js:421:3)\n    at next (C:\\Users\\ZARAGOZA051\\Desktop\\LGZ2024\\node_modules\\express\\lib\\router\\index.js:280:10)\n    at Function.handle (C:\\Users\\ZARAGOZA051\\Desktop\\LGZ2024\\node_modules\\express\\lib\\router\\index.js:175:3)\n    at router (C:\\Users\\ZARAGOZA051\\Desktop\\LGZ2024\\node_modules\\express\\lib\\router\\index.js:47:12)\n    at Layer.handle [as handle_request] (C:\\Users\\ZARAGOZA051\\Desktop\\LGZ2024\\node_modules\\express\\lib\\router\\layer.js:95:5)\n    at trim_prefix (C:\\Users\\ZARAGOZA051\\Desktop\\LGZ2024\\node_modules\\express\\lib\\router\\index.js:328:13)",
  "path": "/api/notificaciones/undefined",
  "method": "PUT",
  "statusCode": 400
}
[2025-04-07 02:22:39] [31m[31merror[31m[39m [DEVELOPMENT]: 	[31m	[31mEl id debe ser un numero[31m[39m
{
  "stack": "Error: El id debe ser un numero\n    at NotificacionModel.updateStatus (file:///C:/Users/ZARAGOZA051/Desktop/LGZ2024/src/models/notificaciones.models.js:81:28)\n    at file:///C:/Users/ZARAGOZA051/Desktop/LGZ2024/src/controller/notificaciones.controller.js:19:49\n    at file:///C:/Users/ZARAGOZA051/Desktop/LGZ2024/src/utils/asyncHandler.js:3:21\n    at Layer.handle [as handle_request] (C:\\Users\\ZARAGOZA051\\Desktop\\LGZ2024\\node_modules\\express\\lib\\router\\layer.js:95:5)\n    at next (C:\\Users\\ZARAGOZA051\\Desktop\\LGZ2024\\node_modules\\express\\lib\\router\\route.js:149:13)\n    at Route.dispatch (C:\\Users\\ZARAGOZA051\\Desktop\\LGZ2024\\node_modules\\express\\lib\\router\\route.js:119:3)\n    at Layer.handle [as handle_request] (C:\\Users\\ZARAGOZA051\\Desktop\\LGZ2024\\node_modules\\express\\lib\\router\\layer.js:95:5)\n    at C:\\Users\\ZARAGOZA051\\Desktop\\LGZ2024\\node_modules\\express\\lib\\router\\index.js:284:15\n    at param (C:\\Users\\ZARAGOZA051\\Desktop\\LGZ2024\\node_modules\\express\\lib\\router\\index.js:365:14)\n    at param (C:\\Users\\ZARAGOZA051\\Desktop\\LGZ2024\\node_modules\\express\\lib\\router\\index.js:376:14)\n    at Function.process_params (C:\\Users\\ZARAGOZA051\\Desktop\\LGZ2024\\node_modules\\express\\lib\\router\\index.js:421:3)\n    at next (C:\\Users\\ZARAGOZA051\\Desktop\\LGZ2024\\node_modules\\express\\lib\\router\\index.js:280:10)\n    at Function.handle (C:\\Users\\ZARAGOZA051\\Desktop\\LGZ2024\\node_modules\\express\\lib\\router\\index.js:175:3)\n    at router (C:\\Users\\ZARAGOZA051\\Desktop\\LGZ2024\\node_modules\\express\\lib\\router\\index.js:47:12)\n    at Layer.handle [as handle_request] (C:\\Users\\ZARAGOZA051\\Desktop\\LGZ2024\\node_modules\\express\\lib\\router\\layer.js:95:5)\n    at trim_prefix (C:\\Users\\ZARAGOZA051\\Desktop\\LGZ2024\\node_modules\\express\\lib\\router\\index.js:328:13)",
  "path": "/api/notificaciones/undefined",
  "method": "PUT",
  "statusCode": 400
}
[2025-04-07 02:27:50] [31m[31merror[31m[39m [DEVELOPMENT]: 	[31m	[31mEl id debe ser un numero[31m[39m
{
  "stack": "Error: El id debe ser un numero\n    at NotificacionModel.updateStatus (file:///C:/Users/ZARAGOZA051/Desktop/LGZ2024/src/models/notificaciones.models.js:81:28)\n    at file:///C:/Users/ZARAGOZA051/Desktop/LGZ2024/src/controller/notificaciones.controller.js:19:49\n    at file:///C:/Users/ZARAGOZA051/Desktop/LGZ2024/src/utils/asyncHandler.js:3:21\n    at Layer.handle [as handle_request] (C:\\Users\\ZARAGOZA051\\Desktop\\LGZ2024\\node_modules\\express\\lib\\router\\layer.js:95:5)\n    at next (C:\\Users\\ZARAGOZA051\\Desktop\\LGZ2024\\node_modules\\express\\lib\\router\\route.js:149:13)\n    at Route.dispatch (C:\\Users\\ZARAGOZA051\\Desktop\\LGZ2024\\node_modules\\express\\lib\\router\\route.js:119:3)\n    at Layer.handle [as handle_request] (C:\\Users\\ZARAGOZA051\\Desktop\\LGZ2024\\node_modules\\express\\lib\\router\\layer.js:95:5)\n    at C:\\Users\\ZARAGOZA051\\Desktop\\LGZ2024\\node_modules\\express\\lib\\router\\index.js:284:15\n    at param (C:\\Users\\ZARAGOZA051\\Desktop\\LGZ2024\\node_modules\\express\\lib\\router\\index.js:365:14)\n    at param (C:\\Users\\ZARAGOZA051\\Desktop\\LGZ2024\\node_modules\\express\\lib\\router\\index.js:376:14)\n    at Function.process_params (C:\\Users\\ZARAGOZA051\\Desktop\\LGZ2024\\node_modules\\express\\lib\\router\\index.js:421:3)\n    at next (C:\\Users\\ZARAGOZA051\\Desktop\\LGZ2024\\node_modules\\express\\lib\\router\\index.js:280:10)\n    at Function.handle (C:\\Users\\ZARAGOZA051\\Desktop\\LGZ2024\\node_modules\\express\\lib\\router\\index.js:175:3)\n    at router (C:\\Users\\ZARAGOZA051\\Desktop\\LGZ2024\\node_modules\\express\\lib\\router\\index.js:47:12)\n    at Layer.handle [as handle_request] (C:\\Users\\ZARAGOZA051\\Desktop\\LGZ2024\\node_modules\\express\\lib\\router\\layer.js:95:5)\n    at trim_prefix (C:\\Users\\ZARAGOZA051\\Desktop\\LGZ2024\\node_modules\\express\\lib\\router\\index.js:328:13)",
  "path": "/api/notificaciones/undefined",
  "method": "PUT",
  "statusCode": 400
}
[2025-04-07 02:28:52] [31m[31merror[31m[39m [DEVELOPMENT]: 	[31m	[31mnotificacion con id 278 no encontrada[31m[39m
{
  "stack": "Error: notificacion con id 278 no encontrada\n    at NotificacionModel.updateStatus (file:///C:/Users/ZARAGOZA051/Desktop/LGZ2024/src/models/notificaciones.models.js:83:32)\n    at process.processTicksAndRejections (node:internal/process/task_queues:95:5)\n    at async file:///C:/Users/ZARAGOZA051/Desktop/LGZ2024/src/controller/notificaciones.controller.js:19:20",
  "path": "/api/notificaciones/278",
  "method": "PUT",
  "statusCode": 404
}
[2025-04-07 02:30:53] [31m[31merror[31m[39m [DEVELOPMENT]: 	[31m	[31mnotificacion con id 278 no encontrada[31m[39m
{
  "stack": "Error: notificacion con id 278 no encontrada\n    at NotificacionModel.updateStatus (file:///C:/Users/ZARAGOZA051/Desktop/LGZ2024/src/models/notificaciones.models.js:83:32)\n    at process.processTicksAndRejections (node:internal/process/task_queues:95:5)\n    at async file:///C:/Users/ZARAGOZA051/Desktop/LGZ2024/src/controller/notificaciones.controller.js:19:20",
  "path": "/api/notificaciones/278",
  "method": "PUT",
  "statusCode": 404
}
[2025-04-07 11:13:01] [31m[31merror[31m[39m [DEVELOPMENT]: 	[31m	[31mNo se encontraron mezclas para los criterios especificados[31m[39m
{
  "stack": "Error: No se encontraron mezclas para los criterios especificados\n    at MezclaModel.obtenerTablaMezclasUsuario (file:///C:/Users/ZARAGOZA051/Desktop/LGZ2024/src/models/mezclas.models.js:371:15)\n    at process.processTicksAndRejections (node:internal/process/task_queues:95:5)\n    at async file:///C:/Users/ZARAGOZA051/Desktop/LGZ2024/src/controller/mezclas.controller.js:163:18",
  "path": "/api/mezclasSolicitadas/Proceso",
  "method": "GET",
  "statusCode": 404
}
[2025-04-07 12:23:51] [31m[31merror[31m[39m [DEVELOPMENT]: 	[31m	[31mNo se encontraron mezclas para los criterios especificados[31m[39m
{
  "stack": "Error: No se encontraron mezclas para los criterios especificados\n    at MezclaModel.obtenerTablaMezclasUsuario (file:///C:/Users/ZARAGOZA051/Desktop/LGZ2024/src/models/mezclas.models.js:371:15)\n    at process.processTicksAndRejections (node:internal/process/task_queues:95:5)\n    at async file:///C:/Users/ZARAGOZA051/Desktop/LGZ2024/src/controller/mezclas.controller.js:163:18",
  "path": "/api/mezclasSolicitadas/Proceso",
  "method": "GET",
  "statusCode": 404
}
[2025-04-07 12:27:28] [31m[31merror[31m[39m [DEVELOPMENT]: 	[31m	[31mNo se encontraron mezclas para los criterios especificados[31m[39m
{
  "stack": "Error: No se encontraron mezclas para los criterios especificados\n    at MezclaModel.obtenerTablaMezclasEmpresa (file:///C:/Users/ZARAGOZA051/Desktop/LGZ2024/src/models/mezclas.models.js:208:15)\n    at process.processTicksAndRejections (node:internal/process/task_queues:95:5)\n    at async file:///C:/Users/ZARAGOZA051/Desktop/LGZ2024/src/controller/mezclas.controller.js:138:20",
  "path": "/api/mezclasSolicitadas/Proceso",
  "method": "GET",
  "statusCode": 404
}
[2025-04-07 13:36:11] [31m[31merror[31m[39m [DEVELOPMENT]: 	[31m	[31mDatos requeridos no proporcionados[31m[39m
{
  "stack": "Error: Datos requeridos no proporcionados\n    at UsuarioModel.login (file:///C:/Users/ZARAGOZA051/Desktop/LGZ2024/src/models/usuario.models.js:213:15)\n    at file:///C:/Users/ZARAGOZA051/Desktop/LGZ2024/src/controller/usuario.controller.js:35:44\n    at file:///C:/Users/ZARAGOZA051/Desktop/LGZ2024/src/utils/asyncHandler.js:3:21\n    at Layer.handle [as handle_request] (C:\\Users\\ZARAGOZA051\\Desktop\\LGZ2024\\node_modules\\express\\lib\\router\\layer.js:95:5)\n    at next (C:\\Users\\ZARAGOZA051\\Desktop\\LGZ2024\\node_modules\\express\\lib\\router\\route.js:149:13)\n    at Route.dispatch (C:\\Users\\ZARAGOZA051\\Desktop\\LGZ2024\\node_modules\\express\\lib\\router\\route.js:119:3)\n    at Layer.handle [as handle_request] (C:\\Users\\ZARAGOZA051\\Desktop\\LGZ2024\\node_modules\\express\\lib\\router\\layer.js:95:5)\n    at C:\\Users\\ZARAGOZA051\\Desktop\\LGZ2024\\node_modules\\express\\lib\\router\\index.js:284:15\n    at Function.process_params (C:\\Users\\ZARAGOZA051\\Desktop\\LGZ2024\\node_modules\\express\\lib\\router\\index.js:346:12)\n    at next (C:\\Users\\ZARAGOZA051\\Desktop\\LGZ2024\\node_modules\\express\\lib\\router\\index.js:280:10)\n    at Function.handle (C:\\Users\\ZARAGOZA051\\Desktop\\LGZ2024\\node_modules\\express\\lib\\router\\index.js:175:3)\n    at router (C:\\Users\\ZARAGOZA051\\Desktop\\LGZ2024\\node_modules\\express\\lib\\router\\index.js:47:12)\n    at Layer.handle [as handle_request] (C:\\Users\\ZARAGOZA051\\Desktop\\LGZ2024\\node_modules\\express\\lib\\router\\layer.js:95:5)\n    at trim_prefix (C:\\Users\\ZARAGOZA051\\Desktop\\LGZ2024\\node_modules\\express\\lib\\router\\index.js:328:13)\n    at C:\\Users\\ZARAGOZA051\\Desktop\\LGZ2024\\node_modules\\express\\lib\\router\\index.js:286:9\n    at Function.process_params (C:\\Users\\ZARAGOZA051\\Desktop\\LGZ2024\\node_modules\\express\\lib\\router\\index.js:346:12)",
  "path": "/api/usuario/login",
  "method": "POST",
  "statusCode": 400
}
[2025-04-07 13:36:13] [31m[31merror[31m[39m [DEVELOPMENT]: 	[31m	[31mDatos requeridos no proporcionados[31m[39m
{
  "stack": "Error: Datos requeridos no proporcionados\n    at UsuarioModel.login (file:///C:/Users/ZARAGOZA051/Desktop/LGZ2024/src/models/usuario.models.js:213:15)\n    at file:///C:/Users/ZARAGOZA051/Desktop/LGZ2024/src/controller/usuario.controller.js:35:44\n    at file:///C:/Users/ZARAGOZA051/Desktop/LGZ2024/src/utils/asyncHandler.js:3:21\n    at Layer.handle [as handle_request] (C:\\Users\\ZARAGOZA051\\Desktop\\LGZ2024\\node_modules\\express\\lib\\router\\layer.js:95:5)\n    at next (C:\\Users\\ZARAGOZA051\\Desktop\\LGZ2024\\node_modules\\express\\lib\\router\\route.js:149:13)\n    at Route.dispatch (C:\\Users\\ZARAGOZA051\\Desktop\\LGZ2024\\node_modules\\express\\lib\\router\\route.js:119:3)\n    at Layer.handle [as handle_request] (C:\\Users\\ZARAGOZA051\\Desktop\\LGZ2024\\node_modules\\express\\lib\\router\\layer.js:95:5)\n    at C:\\Users\\ZARAGOZA051\\Desktop\\LGZ2024\\node_modules\\express\\lib\\router\\index.js:284:15\n    at Function.process_params (C:\\Users\\ZARAGOZA051\\Desktop\\LGZ2024\\node_modules\\express\\lib\\router\\index.js:346:12)\n    at next (C:\\Users\\ZARAGOZA051\\Desktop\\LGZ2024\\node_modules\\express\\lib\\router\\index.js:280:10)\n    at Function.handle (C:\\Users\\ZARAGOZA051\\Desktop\\LGZ2024\\node_modules\\express\\lib\\router\\index.js:175:3)\n    at router (C:\\Users\\ZARAGOZA051\\Desktop\\LGZ2024\\node_modules\\express\\lib\\router\\index.js:47:12)\n    at Layer.handle [as handle_request] (C:\\Users\\ZARAGOZA051\\Desktop\\LGZ2024\\node_modules\\express\\lib\\router\\layer.js:95:5)\n    at trim_prefix (C:\\Users\\ZARAGOZA051\\Desktop\\LGZ2024\\node_modules\\express\\lib\\router\\index.js:328:13)\n    at C:\\Users\\ZARAGOZA051\\Desktop\\LGZ2024\\node_modules\\express\\lib\\router\\index.js:286:9\n    at Function.process_params (C:\\Users\\ZARAGOZA051\\Desktop\\LGZ2024\\node_modules\\express\\lib\\router\\index.js:346:12)",
  "path": "/api/usuario/login",
  "method": "POST",
  "statusCode": 400
}
[2025-04-07 15:57:36] [31m[31merror[31m[39m [DEVELOPMENT]: 	[31m	[31mNot allowed by CORS[31m[39m
{
  "stack": "Error: Not allowed by CORS\n    at origin (file:///C:/Users/ZARAGOZA051/Desktop/LGZ2024/src/middlewares/cors.js:19:21)\n    at C:\\Users\\ZARAGOZA051\\Desktop\\LGZ2024\\node_modules\\cors\\lib\\index.js:219:13\n    at optionsCallback (C:\\Users\\ZARAGOZA051\\Desktop\\LGZ2024\\node_modules\\cors\\lib\\index.js:199:9)\n    at corsMiddleware (C:\\Users\\ZARAGOZA051\\Desktop\\LGZ2024\\node_modules\\cors\\lib\\index.js:204:7)\n    at Layer.handle [as handle_request] (C:\\Users\\ZARAGOZA051\\Desktop\\LGZ2024\\node_modules\\express\\lib\\router\\layer.js:95:5)\n    at trim_prefix (C:\\Users\\ZARAGOZA051\\Desktop\\LGZ2024\\node_modules\\express\\lib\\router\\index.js:328:13)\n    at C:\\Users\\ZARAGOZA051\\Desktop\\LGZ2024\\node_modules\\express\\lib\\router\\index.js:286:9\n    at Function.process_params (C:\\Users\\ZARAGOZA051\\Desktop\\LGZ2024\\node_modules\\express\\lib\\router\\index.js:346:12)\n    at next (C:\\Users\\ZARAGOZA051\\Desktop\\LGZ2024\\node_modules\\express\\lib\\router\\index.js:280:10)\n    at Layer.handle [as handle_request] (C:\\Users\\ZARAGOZA051\\Desktop\\LGZ2024\\node_modules\\express\\lib\\router\\layer.js:91:12)\n    at trim_prefix (C:\\Users\\ZARAGOZA051\\Desktop\\LGZ2024\\node_modules\\express\\lib\\router\\index.js:328:13)\n    at C:\\Users\\ZARAGOZA051\\Desktop\\LGZ2024\\node_modules\\express\\lib\\router\\index.js:286:9\n    at Function.process_params (C:\\Users\\ZARAGOZA051\\Desktop\\LGZ2024\\node_modules\\express\\lib\\router\\index.js:346:12)\n    at next (C:\\Users\\ZARAGOZA051\\Desktop\\LGZ2024\\node_modules\\express\\lib\\router\\index.js:280:10)\n    at cookieParser (C:\\Users\\ZARAGOZA051\\Desktop\\LGZ2024\\node_modules\\cookie-parser\\index.js:57:14)\n    at Layer.handle [as handle_request] (C:\\Users\\ZARAGOZA051\\Desktop\\LGZ2024\\node_modules\\express\\lib\\router\\layer.js:95:5)",
  "path": "/api/usuario/login",
  "method": "OPTIONS",
  "statusCode": 500
}
[2025-04-07 15:58:55] [31m[31merror[31m[39m [DEVELOPMENT]: 	[31m	[31mDatos requeridos no proporcionados[31m[39m
{
  "stack": "Error: Datos requeridos no proporcionados\n    at UsuarioModel.login (file:///C:/Users/ZARAGOZA051/Desktop/LGZ2024/src/models/usuario.models.js:213:15)\n    at file:///C:/Users/ZARAGOZA051/Desktop/LGZ2024/src/controller/usuario.controller.js:35:44\n    at file:///C:/Users/ZARAGOZA051/Desktop/LGZ2024/src/utils/asyncHandler.js:3:21\n    at Layer.handle [as handle_request] (C:\\Users\\ZARAGOZA051\\Desktop\\LGZ2024\\node_modules\\express\\lib\\router\\layer.js:95:5)\n    at next (C:\\Users\\ZARAGOZA051\\Desktop\\LGZ2024\\node_modules\\express\\lib\\router\\route.js:149:13)\n    at Route.dispatch (C:\\Users\\ZARAGOZA051\\Desktop\\LGZ2024\\node_modules\\express\\lib\\router\\route.js:119:3)\n    at Layer.handle [as handle_request] (C:\\Users\\ZARAGOZA051\\Desktop\\LGZ2024\\node_modules\\express\\lib\\router\\layer.js:95:5)\n    at C:\\Users\\ZARAGOZA051\\Desktop\\LGZ2024\\node_modules\\express\\lib\\router\\index.js:284:15\n    at Function.process_params (C:\\Users\\ZARAGOZA051\\Desktop\\LGZ2024\\node_modules\\express\\lib\\router\\index.js:346:12)\n    at next (C:\\Users\\ZARAGOZA051\\Desktop\\LGZ2024\\node_modules\\express\\lib\\router\\index.js:280:10)\n    at Function.handle (C:\\Users\\ZARAGOZA051\\Desktop\\LGZ2024\\node_modules\\express\\lib\\router\\index.js:175:3)\n    at router (C:\\Users\\ZARAGOZA051\\Desktop\\LGZ2024\\node_modules\\express\\lib\\router\\index.js:47:12)\n    at Layer.handle [as handle_request] (C:\\Users\\ZARAGOZA051\\Desktop\\LGZ2024\\node_modules\\express\\lib\\router\\layer.js:95:5)\n    at trim_prefix (C:\\Users\\ZARAGOZA051\\Desktop\\LGZ2024\\node_modules\\express\\lib\\router\\index.js:328:13)\n    at C:\\Users\\ZARAGOZA051\\Desktop\\LGZ2024\\node_modules\\express\\lib\\router\\index.js:286:9\n    at Function.process_params (C:\\Users\\ZARAGOZA051\\Desktop\\LGZ2024\\node_modules\\express\\lib\\router\\index.js:346:12)",
  "path": "/api/usuario/login",
  "method": "POST",
  "statusCode": 400
}
[2025-04-07 16:00:13] [31m[31merror[31m[39m [DEVELOPMENT]: 	[31m	[31mDatos requeridos no proporcionados[31m[39m
{
  "stack": "Error: Datos requeridos no proporcionados\n    at UsuarioModel.login (file:///C:/Users/ZARAGOZA051/Desktop/LGZ2024/src/models/usuario.models.js:213:15)\n    at file:///C:/Users/ZARAGOZA051/Desktop/LGZ2024/src/controller/usuario.controller.js:35:44\n    at file:///C:/Users/ZARAGOZA051/Desktop/LGZ2024/src/utils/asyncHandler.js:3:21\n    at Layer.handle [as handle_request] (C:\\Users\\ZARAGOZA051\\Desktop\\LGZ2024\\node_modules\\express\\lib\\router\\layer.js:95:5)\n    at next (C:\\Users\\ZARAGOZA051\\Desktop\\LGZ2024\\node_modules\\express\\lib\\router\\route.js:149:13)\n    at Route.dispatch (C:\\Users\\ZARAGOZA051\\Desktop\\LGZ2024\\node_modules\\express\\lib\\router\\route.js:119:3)\n    at Layer.handle [as handle_request] (C:\\Users\\ZARAGOZA051\\Desktop\\LGZ2024\\node_modules\\express\\lib\\router\\layer.js:95:5)\n    at C:\\Users\\ZARAGOZA051\\Desktop\\LGZ2024\\node_modules\\express\\lib\\router\\index.js:284:15\n    at Function.process_params (C:\\Users\\ZARAGOZA051\\Desktop\\LGZ2024\\node_modules\\express\\lib\\router\\index.js:346:12)\n    at next (C:\\Users\\ZARAGOZA051\\Desktop\\LGZ2024\\node_modules\\express\\lib\\router\\index.js:280:10)\n    at Function.handle (C:\\Users\\ZARAGOZA051\\Desktop\\LGZ2024\\node_modules\\express\\lib\\router\\index.js:175:3)\n    at router (C:\\Users\\ZARAGOZA051\\Desktop\\LGZ2024\\node_modules\\express\\lib\\router\\index.js:47:12)\n    at Layer.handle [as handle_request] (C:\\Users\\ZARAGOZA051\\Desktop\\LGZ2024\\node_modules\\express\\lib\\router\\layer.js:95:5)\n    at trim_prefix (C:\\Users\\ZARAGOZA051\\Desktop\\LGZ2024\\node_modules\\express\\lib\\router\\index.js:328:13)\n    at C:\\Users\\ZARAGOZA051\\Desktop\\LGZ2024\\node_modules\\express\\lib\\router\\index.js:286:9\n    at Function.process_params (C:\\Users\\ZARAGOZA051\\Desktop\\LGZ2024\\node_modules\\express\\lib\\router\\index.js:346:12)",
  "path": "/api/usuario/login",
  "method": "POST",
  "statusCode": 400
}
[2025-04-07 16:04:37] [31m[31merror[31m[39m [DEVELOPMENT]: 	[31m	[31mDatos requeridos no proporcionados[31m[39m
{
  "stack": "Error: Datos requeridos no proporcionados\n    at UsuarioModel.login (file:///C:/Users/ZARAGOZA051/Desktop/LGZ2024/src/models/usuario.models.js:213:15)\n    at file:///C:/Users/ZARAGOZA051/Desktop/LGZ2024/src/controller/usuario.controller.js:35:44\n    at file:///C:/Users/ZARAGOZA051/Desktop/LGZ2024/src/utils/asyncHandler.js:3:21\n    at Layer.handle [as handle_request] (C:\\Users\\ZARAGOZA051\\Desktop\\LGZ2024\\node_modules\\express\\lib\\router\\layer.js:95:5)\n    at next (C:\\Users\\ZARAGOZA051\\Desktop\\LGZ2024\\node_modules\\express\\lib\\router\\route.js:149:13)\n    at Route.dispatch (C:\\Users\\ZARAGOZA051\\Desktop\\LGZ2024\\node_modules\\express\\lib\\router\\route.js:119:3)\n    at Layer.handle [as handle_request] (C:\\Users\\ZARAGOZA051\\Desktop\\LGZ2024\\node_modules\\express\\lib\\router\\layer.js:95:5)\n    at C:\\Users\\ZARAGOZA051\\Desktop\\LGZ2024\\node_modules\\express\\lib\\router\\index.js:284:15\n    at Function.process_params (C:\\Users\\ZARAGOZA051\\Desktop\\LGZ2024\\node_modules\\express\\lib\\router\\index.js:346:12)\n    at next (C:\\Users\\ZARAGOZA051\\Desktop\\LGZ2024\\node_modules\\express\\lib\\router\\index.js:280:10)\n    at Function.handle (C:\\Users\\ZARAGOZA051\\Desktop\\LGZ2024\\node_modules\\express\\lib\\router\\index.js:175:3)\n    at router (C:\\Users\\ZARAGOZA051\\Desktop\\LGZ2024\\node_modules\\express\\lib\\router\\index.js:47:12)\n    at Layer.handle [as handle_request] (C:\\Users\\ZARAGOZA051\\Desktop\\LGZ2024\\node_modules\\express\\lib\\router\\layer.js:95:5)\n    at trim_prefix (C:\\Users\\ZARAGOZA051\\Desktop\\LGZ2024\\node_modules\\express\\lib\\router\\index.js:328:13)\n    at C:\\Users\\ZARAGOZA051\\Desktop\\LGZ2024\\node_modules\\express\\lib\\router\\index.js:286:9\n    at Function.process_params (C:\\Users\\ZARAGOZA051\\Desktop\\LGZ2024\\node_modules\\express\\lib\\router\\index.js:346:12)",
  "path": "/api/usuario/login",
  "method": "POST",
  "statusCode": 400
}
